{"C:\\Finalproject\\smart-job-tracker\\frontend\\src\\App.jsx": {"path":"C:\\Finalproject\\smart-job-tracker\\frontend\\src\\App.jsx","statementMap":{"0":{"start":{"line":15,"column":2},"end":{"line":31,"column":4}}},"fnMap":{"0":{"name":"App","decl":{"start":{"line":14,"column":9},"end":{"line":14,"column":12}},"loc":{"start":{"line":14,"column":15},"end":{"line":32,"column":1}},"line":14}},"branchMap":{},"s":{"0":0},"f":{"0":0},"b":{}}
,"C:\\Finalproject\\smart-job-tracker\\frontend\\src\\components\\Button.jsx": {"path":"C:\\Finalproject\\smart-job-tracker\\frontend\\src\\components\\Button.jsx","statementMap":{"0":{"start":{"line":3,"column":15},"end":{"line":11,"column":1}},"1":{"start":{"line":4,"column":2},"end":{"line":10,"column":11}}},"fnMap":{"0":{"name":"(anonymous_0)","decl":{"start":{"line":3,"column":15},"end":{"line":3,"column":16}},"loc":{"start":{"line":4,"column":2},"end":{"line":10,"column":11}},"line":4}},"branchMap":{"0":{"loc":{"start":{"line":3,"column":37},"end":{"line":3,"column":53}},"type":"default-arg","locations":[{"start":{"line":3,"column":48},"end":{"line":3,"column":53}}],"line":3},"1":{"loc":{"start":{"line":3,"column":55},"end":{"line":3,"column":69}},"type":"default-arg","locations":[{"start":{"line":3,"column":67},"end":{"line":3,"column":69}}],"line":3}},"s":{"0":1,"1":3},"f":{"0":3},"b":{"0":[2],"1":[3]},"_coverageSchema":"1a1c01bbd47fc00a2c39e90264f33305004495a9","hash":"1bab911f17399c31d69f7dd06d4c03327022dcad"}
,"C:\\Finalproject\\smart-job-tracker\\frontend\\src\\components\\Logo.jsx": {"path":"C:\\Finalproject\\smart-job-tracker\\frontend\\src\\components\\Logo.jsx","statementMap":{"0":{"start":{"line":12,"column":16},"end":{"line":17,"column":3}},"1":{"start":{"line":19,"column":12},"end":{"line":19,"column":35}},"2":{"start":{"line":21,"column":2},"end":{"line":60,"column":4}}},"fnMap":{"0":{"name":"Logo","decl":{"start":{"line":11,"column":24},"end":{"line":11,"column":28}},"loc":{"start":{"line":11,"column":94},"end":{"line":61,"column":1}},"line":11}},"branchMap":{"0":{"loc":{"start":{"line":11,"column":31},"end":{"line":11,"column":42}},"type":"default-arg","locations":[{"start":{"line":11,"column":38},"end":{"line":11,"column":42}}],"line":11},"1":{"loc":{"start":{"line":11,"column":44},"end":{"line":11,"column":57}},"type":"default-arg","locations":[{"start":{"line":11,"column":52},"end":{"line":11,"column":57}}],"line":11},"2":{"loc":{"start":{"line":11,"column":59},"end":{"line":11,"column":74}},"type":"default-arg","locations":[{"start":{"line":11,"column":70},"end":{"line":11,"column":74}}],"line":11},"3":{"loc":{"start":{"line":11,"column":76},"end":{"line":11,"column":90}},"type":"default-arg","locations":[{"start":{"line":11,"column":88},"end":{"line":11,"column":90}}],"line":11},"4":{"loc":{"start":{"line":19,"column":12},"end":{"line":19,"column":35}},"type":"binary-expr","locations":[{"start":{"line":19,"column":12},"end":{"line":19,"column":23}},{"start":{"line":19,"column":27},"end":{"line":19,"column":35}}],"line":19},"5":{"loc":{"start":{"line":50,"column":7},"end":{"line":58,"column":7}},"type":"binary-expr","locations":[{"start":{"line":50,"column":7},"end":{"line":50,"column":15}},{"start":{"line":51,"column":8},"end":{"line":57,"column":15}}],"line":50},"6":{"loc":{"start":{"line":52,"column":10},"end":{"line":54,"column":90}},"type":"cond-expr","locations":[{"start":{"line":53,"column":14},"end":{"line":53,"column":26}},{"start":{"line":54,"column":14},"end":{"line":54,"column":90}}],"line":52}},"s":{"0":4,"1":4,"2":4},"f":{"0":4},"b":{"0":[0],"1":[0],"2":[0],"3":[0],"4":[4,0],"5":[4,0],"6":[0,0]},"_coverageSchema":"1a1c01bbd47fc00a2c39e90264f33305004495a9","hash":"a07231d7937923a8902cb0fa13befbc810f5e649"}
,"C:\\Finalproject\\smart-job-tracker\\frontend\\src\\components\\Navigation.jsx": {"path":"C:\\Finalproject\\smart-job-tracker\\frontend\\src\\components\\Navigation.jsx","statementMap":{"0":{"start":{"line":5,"column":19},"end":{"line":5,"column":32}},"1":{"start":{"line":6,"column":19},"end":{"line":6,"column":32}},"2":{"start":{"line":8,"column":23},"end":{"line":12,"column":3}},"3":{"start":{"line":9,"column":4},"end":{"line":9,"column":37}},"4":{"start":{"line":10,"column":4},"end":{"line":10,"column":40}},"5":{"start":{"line":11,"column":4},"end":{"line":11,"column":18}},"6":{"start":{"line":14,"column":19},"end":{"line":14,"column":55}},"7":{"start":{"line":14,"column":29},"end":{"line":14,"column":55}},"8":{"start":{"line":15,"column":26},"end":{"line":15,"column":57}},"9":{"start":{"line":16,"column":19},"end":{"line":16,"column":51}},"10":{"start":{"line":18,"column":2},"end":{"line":103,"column":4}},"11":{"start":{"line":26,"column":29},"end":{"line":26,"column":120}},"12":{"start":{"line":35,"column":29},"end":{"line":35,"column":50}},"13":{"start":{"line":45,"column":29},"end":{"line":45,"column":50}},"14":{"start":{"line":55,"column":29},"end":{"line":55,"column":46}},"15":{"start":{"line":68,"column":33},"end":{"line":68,"column":53}},"16":{"start":{"line":93,"column":31},"end":{"line":93,"column":44}}},"fnMap":{"0":{"name":"Navigation","decl":{"start":{"line":4,"column":24},"end":{"line":4,"column":34}},"loc":{"start":{"line":4,"column":37},"end":{"line":104,"column":1}},"line":4},"1":{"name":"(anonymous_1)","decl":{"start":{"line":8,"column":23},"end":{"line":8,"column":24}},"loc":{"start":{"line":8,"column":29},"end":{"line":12,"column":3}},"line":8},"2":{"name":"(anonymous_2)","decl":{"start":{"line":14,"column":19},"end":{"line":14,"column":20}},"loc":{"start":{"line":14,"column":29},"end":{"line":14,"column":55}},"line":14},"3":{"name":"(anonymous_3)","decl":{"start":{"line":26,"column":23},"end":{"line":26,"column":24}},"loc":{"start":{"line":26,"column":29},"end":{"line":26,"column":120}},"line":26},"4":{"name":"(anonymous_4)","decl":{"start":{"line":35,"column":23},"end":{"line":35,"column":24}},"loc":{"start":{"line":35,"column":29},"end":{"line":35,"column":50}},"line":35},"5":{"name":"(anonymous_5)","decl":{"start":{"line":45,"column":23},"end":{"line":45,"column":24}},"loc":{"start":{"line":45,"column":29},"end":{"line":45,"column":50}},"line":45},"6":{"name":"(anonymous_6)","decl":{"start":{"line":55,"column":23},"end":{"line":55,"column":24}},"loc":{"start":{"line":55,"column":29},"end":{"line":55,"column":46}},"line":55},"7":{"name":"(anonymous_7)","decl":{"start":{"line":68,"column":27},"end":{"line":68,"column":28}},"loc":{"start":{"line":68,"column":33},"end":{"line":68,"column":53}},"line":68},"8":{"name":"(anonymous_8)","decl":{"start":{"line":93,"column":25},"end":{"line":93,"column":26}},"loc":{"start":{"line":93,"column":31},"end":{"line":93,"column":44}},"line":93}},"branchMap":{"0":{"loc":{"start":{"line":26,"column":38},"end":{"line":26,"column":119}},"type":"cond-expr","locations":[{"start":{"line":26,"column":57},"end":{"line":26,"column":112}},{"start":{"line":26,"column":116},"end":{"line":26,"column":119}}],"line":26},"1":{"loc":{"start":{"line":26,"column":57},"end":{"line":26,"column":112}},"type":"cond-expr","locations":[{"start":{"line":26,"column":77},"end":{"line":26,"column":92}},{"start":{"line":26,"column":95},"end":{"line":26,"column":112}}],"line":26},"2":{"loc":{"start":{"line":37,"column":16},"end":{"line":39,"column":115}},"type":"cond-expr","locations":[{"start":{"line":38,"column":20},"end":{"line":38,"column":99}},{"start":{"line":39,"column":20},"end":{"line":39,"column":115}}],"line":37},"3":{"loc":{"start":{"line":47,"column":16},"end":{"line":49,"column":115}},"type":"cond-expr","locations":[{"start":{"line":48,"column":20},"end":{"line":48,"column":99}},{"start":{"line":49,"column":20},"end":{"line":49,"column":115}}],"line":47},"4":{"loc":{"start":{"line":57,"column":16},"end":{"line":59,"column":115}},"type":"cond-expr","locations":[{"start":{"line":58,"column":20},"end":{"line":58,"column":99}},{"start":{"line":59,"column":20},"end":{"line":59,"column":115}}],"line":57},"5":{"loc":{"start":{"line":65,"column":13},"end":{"line":98,"column":13}},"type":"cond-expr","locations":[{"start":{"line":66,"column":14},"end":{"line":90,"column":17}},{"start":{"line":92,"column":14},"end":{"line":97,"column":23}}],"line":65},"6":{"loc":{"start":{"line":70,"column":20},"end":{"line":72,"column":119}},"type":"cond-expr","locations":[{"start":{"line":71,"column":24},"end":{"line":71,"column":103}},{"start":{"line":72,"column":24},"end":{"line":72,"column":119}}],"line":70}},"s":{"0":0,"1":0,"2":0,"3":0,"4":0,"5":0,"6":0,"7":0,"8":0,"9":0,"10":0,"11":0,"12":0,"13":0,"14":0,"15":0,"16":0},"f":{"0":0,"1":0,"2":0,"3":0,"4":0,"5":0,"6":0,"7":0,"8":0},"b":{"0":[0,0],"1":[0,0],"2":[0,0],"3":[0,0],"4":[0,0],"5":[0,0],"6":[0,0]}}
,"C:\\Finalproject\\smart-job-tracker\\frontend\\src\\pages\\AIAnalyzer.jsx": {"path":"C:\\Finalproject\\smart-job-tracker\\frontend\\src\\pages\\AIAnalyzer.jsx","statementMap":{"0":{"start":{"line":6,"column":30},"end":{"line":6,"column":44}},"1":{"start":{"line":7,"column":38},"end":{"line":7,"column":50}},"2":{"start":{"line":8,"column":36},"end":{"line":8,"column":52}},"3":{"start":{"line":9,"column":22},"end":{"line":9,"column":34}},"4":{"start":{"line":10,"column":32},"end":{"line":10,"column":47}},"5":{"start":{"line":11,"column":34},"end":{"line":11,"column":48}},"6":{"start":{"line":12,"column":28},"end":{"line":12,"column":40}},"7":{"start":{"line":14,"column":27},"end":{"line":17,"column":3}},"8":{"start":{"line":15,"column":4},"end":{"line":15,"column":33}},"9":{"start":{"line":16,"column":4},"end":{"line":16,"column":17}},"10":{"start":{"line":19,"column":24},"end":{"line":49,"column":3}},"11":{"start":{"line":20,"column":4},"end":{"line":23,"column":5}},"12":{"start":{"line":21,"column":6},"end":{"line":21,"column":43}},"13":{"start":{"line":22,"column":6},"end":{"line":22,"column":13}},"14":{"start":{"line":24,"column":4},"end":{"line":27,"column":5}},"15":{"start":{"line":25,"column":6},"end":{"line":25,"column":52}},"16":{"start":{"line":26,"column":6},"end":{"line":26,"column":13}},"17":{"start":{"line":29,"column":4},"end":{"line":29,"column":21}},"18":{"start":{"line":30,"column":4},"end":{"line":30,"column":22}},"19":{"start":{"line":31,"column":4},"end":{"line":31,"column":17}},"20":{"start":{"line":33,"column":21},"end":{"line":33,"column":35}},"21":{"start":{"line":34,"column":4},"end":{"line":38,"column":5}},"22":{"start":{"line":35,"column":6},"end":{"line":35,"column":40}},"23":{"start":{"line":37,"column":6},"end":{"line":37,"column":49}},"24":{"start":{"line":39,"column":4},"end":{"line":39,"column":30}},"25":{"start":{"line":41,"column":4},"end":{"line":48,"column":5}},"26":{"start":{"line":42,"column":18},"end":{"line":42,"column":67}},"27":{"start":{"line":43,"column":6},"end":{"line":43,"column":28}},"28":{"start":{"line":45,"column":6},"end":{"line":45,"column":84}},"29":{"start":{"line":47,"column":6},"end":{"line":47,"column":24}},"30":{"start":{"line":51,"column":2},"end":{"line":289,"column":4}},"31":{"start":{"line":75,"column":35},"end":{"line":75,"column":55}},"32":{"start":{"line":81,"column":35},"end":{"line":81,"column":55}},"33":{"start":{"line":129,"column":35},"end":{"line":129,"column":64}},"34":{"start":{"line":143,"column":33},"end":{"line":143,"column":54}},"35":{"start":{"line":233,"column":24},"end":{"line":233,"column":167}},"36":{"start":{"line":245,"column":24},"end":{"line":245,"column":169}},"37":{"start":{"line":257,"column":24},"end":{"line":257,"column":199}},"38":{"start":{"line":266,"column":24},"end":{"line":269,"column":29}},"39":{"start":{"line":277,"column":37},"end":{"line":277,"column":55}},"40":{"start":{"line":277,"column":56},"end":{"line":277,"column":72}},"41":{"start":{"line":277,"column":73},"end":{"line":277,"column":91}},"42":{"start":{"line":277,"column":92},"end":{"line":277,"column":102}}},"fnMap":{"0":{"name":"AIAnalyzer","decl":{"start":{"line":5,"column":24},"end":{"line":5,"column":34}},"loc":{"start":{"line":5,"column":37},"end":{"line":290,"column":1}},"line":5},"1":{"name":"(anonymous_1)","decl":{"start":{"line":14,"column":27},"end":{"line":14,"column":28}},"loc":{"start":{"line":14,"column":34},"end":{"line":17,"column":3}},"line":14},"2":{"name":"(anonymous_2)","decl":{"start":{"line":19,"column":24},"end":{"line":19,"column":25}},"loc":{"start":{"line":19,"column":36},"end":{"line":49,"column":3}},"line":19},"3":{"name":"(anonymous_3)","decl":{"start":{"line":75,"column":29},"end":{"line":75,"column":30}},"loc":{"start":{"line":75,"column":35},"end":{"line":75,"column":55}},"line":75},"4":{"name":"(anonymous_4)","decl":{"start":{"line":81,"column":29},"end":{"line":81,"column":30}},"loc":{"start":{"line":81,"column":35},"end":{"line":81,"column":55}},"line":81},"5":{"name":"(anonymous_5)","decl":{"start":{"line":129,"column":28},"end":{"line":129,"column":29}},"loc":{"start":{"line":129,"column":35},"end":{"line":129,"column":64}},"line":129},"6":{"name":"(anonymous_6)","decl":{"start":{"line":143,"column":26},"end":{"line":143,"column":27}},"loc":{"start":{"line":143,"column":33},"end":{"line":143,"column":54}},"line":143},"7":{"name":"(anonymous_7)","decl":{"start":{"line":232,"column":48},"end":{"line":232,"column":49}},"loc":{"start":{"line":233,"column":24},"end":{"line":233,"column":167}},"line":233},"8":{"name":"(anonymous_8)","decl":{"start":{"line":244,"column":48},"end":{"line":244,"column":49}},"loc":{"start":{"line":245,"column":24},"end":{"line":245,"column":169}},"line":245},"9":{"name":"(anonymous_9)","decl":{"start":{"line":256,"column":51},"end":{"line":256,"column":52}},"loc":{"start":{"line":257,"column":24},"end":{"line":257,"column":199}},"line":257},"10":{"name":"(anonymous_10)","decl":{"start":{"line":265,"column":48},"end":{"line":265,"column":49}},"loc":{"start":{"line":266,"column":24},"end":{"line":269,"column":29}},"line":266},"11":{"name":"(anonymous_11)","decl":{"start":{"line":277,"column":29},"end":{"line":277,"column":30}},"loc":{"start":{"line":277,"column":35},"end":{"line":277,"column":104}},"line":277}},"branchMap":{"0":{"loc":{"start":{"line":20,"column":4},"end":{"line":23,"column":5}},"type":"if","locations":[{"start":{"line":20,"column":4},"end":{"line":23,"column":5}},{"start":{},"end":{}}],"line":20},"1":{"loc":{"start":{"line":20,"column":8},"end":{"line":20,"column":89}},"type":"binary-expr","locations":[{"start":{"line":20,"column":9},"end":{"line":20,"column":29}},{"start":{"line":20,"column":33},"end":{"line":20,"column":40}},{"start":{"line":20,"column":46},"end":{"line":20,"column":66}},{"start":{"line":20,"column":70},"end":{"line":20,"column":88}}],"line":20},"2":{"loc":{"start":{"line":24,"column":4},"end":{"line":27,"column":5}},"type":"if","locations":[{"start":{"line":24,"column":4},"end":{"line":27,"column":5}},{"start":{},"end":{}}],"line":24},"3":{"loc":{"start":{"line":34,"column":4},"end":{"line":38,"column":5}},"type":"if","locations":[{"start":{"line":34,"column":4},"end":{"line":38,"column":5}},{"start":{"line":36,"column":11},"end":{"line":38,"column":5}}],"line":34},"4":{"loc":{"start":{"line":45,"column":15},"end":{"line":45,"column":82}},"type":"binary-expr","locations":[{"start":{"line":45,"column":15},"end":{"line":45,"column":33}},{"start":{"line":45,"column":37},"end":{"line":45,"column":82}}],"line":45},"5":{"loc":{"start":{"line":76,"column":101},"end":{"line":76,"column":257}},"type":"cond-expr","locations":[{"start":{"line":76,"column":124},"end":{"line":76,"column":194}},{"start":{"line":76,"column":197},"end":{"line":76,"column":257}}],"line":76},"6":{"loc":{"start":{"line":82,"column":101},"end":{"line":82,"column":257}},"type":"cond-expr","locations":[{"start":{"line":82,"column":124},"end":{"line":82,"column":194}},{"start":{"line":82,"column":197},"end":{"line":82,"column":257}}],"line":82},"7":{"loc":{"start":{"line":89,"column":15},"end":{"line":132,"column":15}},"type":"cond-expr","locations":[{"start":{"line":90,"column":16},"end":{"line":124,"column":22}},{"start":{"line":126,"column":16},"end":{"line":131,"column":28}}],"line":89},"8":{"loc":{"start":{"line":101,"column":22},"end":{"line":103,"column":144}},"type":"cond-expr","locations":[{"start":{"line":102,"column":26},"end":{"line":102,"column":86}},{"start":{"line":103,"column":26},"end":{"line":103,"column":144}}],"line":101},"9":{"loc":{"start":{"line":106,"column":21},"end":{"line":122,"column":21}},"type":"cond-expr","locations":[{"start":{"line":107,"column":22},"end":{"line":113,"column":28}},{"start":{"line":115,"column":22},"end":{"line":121,"column":28}}],"line":106},"10":{"loc":{"start":{"line":152,"column":16},"end":{"line":154,"column":164}},"type":"cond-expr","locations":[{"start":{"line":153,"column":20},"end":{"line":153,"column":83}},{"start":{"line":154,"column":20},"end":{"line":154,"column":164}}],"line":152},"11":{"loc":{"start":{"line":157,"column":15},"end":{"line":165,"column":34}},"type":"cond-expr","locations":[{"start":{"line":158,"column":16},"end":{"line":164,"column":19}},{"start":{"line":165,"column":18},"end":{"line":165,"column":34}}],"line":157},"12":{"loc":{"start":{"line":168,"column":13},"end":{"line":172,"column":13}},"type":"binary-expr","locations":[{"start":{"line":168,"column":13},"end":{"line":168,"column":18}},{"start":{"line":169,"column":14},"end":{"line":171,"column":20}}],"line":168},"13":{"loc":{"start":{"line":177,"column":13},"end":{"line":284,"column":13}},"type":"cond-expr","locations":[{"start":{"line":178,"column":14},"end":{"line":184,"column":20}},{"start":{"line":185,"column":16},"end":{"line":284,"column":13}}],"line":177},"14":{"loc":{"start":{"line":177,"column":13},"end":{"line":177,"column":34}},"type":"binary-expr","locations":[{"start":{"line":177,"column":13},"end":{"line":177,"column":22}},{"start":{"line":177,"column":26},"end":{"line":177,"column":34}}],"line":177},"15":{"loc":{"start":{"line":185,"column":16},"end":{"line":284,"column":13}},"type":"cond-expr","locations":[{"start":{"line":186,"column":14},"end":{"line":192,"column":20}},{"start":{"line":194,"column":14},"end":{"line":283,"column":20}}],"line":185},"16":{"loc":{"start":{"line":197,"column":20},"end":{"line":199,"column":54}},"type":"cond-expr","locations":[{"start":{"line":197,"column":43},"end":{"line":197,"column":83}},{"start":{"line":198,"column":20},"end":{"line":199,"column":54}}],"line":197},"17":{"loc":{"start":{"line":198,"column":20},"end":{"line":199,"column":54}},"type":"cond-expr","locations":[{"start":{"line":198,"column":43},"end":{"line":198,"column":79}},{"start":{"line":199,"column":20},"end":{"line":199,"column":54}}],"line":198}},"s":{"0":0,"1":0,"2":0,"3":0,"4":0,"5":0,"6":0,"7":0,"8":0,"9":0,"10":0,"11":0,"12":0,"13":0,"14":0,"15":0,"16":0,"17":0,"18":0,"19":0,"20":0,"21":0,"22":0,"23":0,"24":0,"25":0,"26":0,"27":0,"28":0,"29":0,"30":0,"31":0,"32":0,"33":0,"34":0,"35":0,"36":0,"37":0,"38":0,"39":0,"40":0,"41":0,"42":0},"f":{"0":0,"1":0,"2":0,"3":0,"4":0,"5":0,"6":0,"7":0,"8":0,"9":0,"10":0,"11":0},"b":{"0":[0,0],"1":[0,0,0,0],"2":[0,0],"3":[0,0],"4":[0,0],"5":[0,0],"6":[0,0],"7":[0,0],"8":[0,0],"9":[0,0],"10":[0,0],"11":[0,0],"12":[0,0],"13":[0,0],"14":[0,0],"15":[0,0],"16":[0,0],"17":[0,0]}}
,"C:\\Finalproject\\smart-job-tracker\\frontend\\src\\pages\\Apply.jsx": {"path":"C:\\Finalproject\\smart-job-tracker\\frontend\\src\\pages\\Apply.jsx","statementMap":{"0":{"start":{"line":7,"column":17},"end":{"line":7,"column":28}},"1":{"start":{"line":8,"column":19},"end":{"line":8,"column":32}},"2":{"start":{"line":9,"column":26},"end":{"line":9,"column":40}},"3":{"start":{"line":10,"column":40},"end":{"line":10,"column":52}},"4":{"start":{"line":11,"column":32},"end":{"line":11,"column":47}},"5":{"start":{"line":12,"column":38},"end":{"line":12,"column":53}},"6":{"start":{"line":14,"column":2},"end":{"line":42,"column":11}},"7":{"start":{"line":16,"column":4},"end":{"line":20,"column":34}},"8":{"start":{"line":17,"column":6},"end":{"line":19,"column":7}},"9":{"start":{"line":18,"column":8},"end":{"line":18,"column":34}},"10":{"start":{"line":20,"column":19},"end":{"line":20,"column":32}},"11":{"start":{"line":23,"column":4},"end":{"line":29,"column":78}},"12":{"start":{"line":24,"column":29},"end":{"line":24,"column":90}},"13":{"start":{"line":24,"column":50},"end":{"line":24,"column":89}},"14":{"start":{"line":25,"column":6},"end":{"line":28,"column":7}},"15":{"start":{"line":26,"column":8},"end":{"line":26,"column":56}},"16":{"start":{"line":27,"column":8},"end":{"line":27,"column":36}},"17":{"start":{"line":29,"column":20},"end":{"line":29,"column":76}},"18":{"start":{"line":32,"column":4},"end":{"line":41,"column":7}},"19":{"start":{"line":33,"column":6},"end":{"line":36,"column":7}},"20":{"start":{"line":34,"column":8},"end":{"line":34,"column":63}},"21":{"start":{"line":35,"column":8},"end":{"line":35,"column":26}},"22":{"start":{"line":38,"column":6},"end":{"line":38,"column":56}},"23":{"start":{"line":39,"column":6},"end":{"line":39,"column":30}},"24":{"start":{"line":40,"column":6},"end":{"line":40,"column":24}},"25":{"start":{"line":44,"column":21},"end":{"line":52,"column":3}},"26":{"start":{"line":45,"column":4},"end":{"line":45,"column":23}},"27":{"start":{"line":46,"column":4},"end":{"line":46,"column":24}},"28":{"start":{"line":47,"column":4},"end":{"line":51,"column":5}},"29":{"start":{"line":48,"column":6},"end":{"line":48,"column":26}},"30":{"start":{"line":49,"column":11},"end":{"line":51,"column":5}},"31":{"start":{"line":50,"column":6},"end":{"line":50,"column":27}},"32":{"start":{"line":54,"column":21},"end":{"line":61,"column":3}},"33":{"start":{"line":55,"column":4},"end":{"line":55,"column":23}},"34":{"start":{"line":56,"column":4},"end":{"line":56,"column":24}},"35":{"start":{"line":57,"column":4},"end":{"line":57,"column":25}},"36":{"start":{"line":58,"column":4},"end":{"line":60,"column":5}},"37":{"start":{"line":59,"column":6},"end":{"line":59,"column":39}},"38":{"start":{"line":63,"column":19},"end":{"line":92,"column":3}},"39":{"start":{"line":64,"column":4},"end":{"line":67,"column":5}},"40":{"start":{"line":65,"column":6},"end":{"line":65,"column":42}},"41":{"start":{"line":66,"column":6},"end":{"line":66,"column":13}},"42":{"start":{"line":68,"column":4},"end":{"line":68,"column":21}},"43":{"start":{"line":69,"column":4},"end":{"line":91,"column":5}},"44":{"start":{"line":70,"column":23},"end":{"line":70,"column":37}},"45":{"start":{"line":71,"column":6},"end":{"line":71,"column":38}},"46":{"start":{"line":72,"column":6},"end":{"line":72,"column":36}},"47":{"start":{"line":73,"column":6},"end":{"line":75,"column":7}},"48":{"start":{"line":74,"column":8},"end":{"line":74,"column":53}},"49":{"start":{"line":77,"column":6},"end":{"line":82,"column":9}},"50":{"start":{"line":84,"column":6},"end":{"line":84,"column":37}},"51":{"start":{"line":85,"column":6},"end":{"line":85,"column":34}},"52":{"start":{"line":87,"column":22},"end":{"line":87,"column":83}},"53":{"start":{"line":88,"column":6},"end":{"line":88,"column":21}},"54":{"start":{"line":90,"column":6},"end":{"line":90,"column":24}},"55":{"start":{"line":94,"column":2},"end":{"line":180,"column":4}},"56":{"start":{"line":124,"column":35},"end":{"line":124,"column":61}},"57":{"start":{"line":149,"column":33},"end":{"line":149,"column":63}},"58":{"start":{"line":169,"column":32},"end":{"line":169,"column":49}}},"fnMap":{"0":{"name":"Apply","decl":{"start":{"line":6,"column":24},"end":{"line":6,"column":29}},"loc":{"start":{"line":6,"column":32},"end":{"line":181,"column":1}},"line":6},"1":{"name":"(anonymous_1)","decl":{"start":{"line":14,"column":12},"end":{"line":14,"column":13}},"loc":{"start":{"line":14,"column":18},"end":{"line":42,"column":3}},"line":14},"2":{"name":"(anonymous_2)","decl":{"start":{"line":16,"column":34},"end":{"line":16,"column":35}},"loc":{"start":{"line":16,"column":41},"end":{"line":20,"column":5}},"line":16},"3":{"name":"(anonymous_3)","decl":{"start":{"line":20,"column":13},"end":{"line":20,"column":14}},"loc":{"start":{"line":20,"column":19},"end":{"line":20,"column":32}},"line":20},"4":{"name":"(anonymous_4)","decl":{"start":{"line":23,"column":37},"end":{"line":23,"column":38}},"loc":{"start":{"line":23,"column":44},"end":{"line":29,"column":5}},"line":23},"5":{"name":"(anonymous_5)","decl":{"start":{"line":24,"column":43},"end":{"line":24,"column":44}},"loc":{"start":{"line":24,"column":50},"end":{"line":24,"column":89}},"line":24},"6":{"name":"(anonymous_6)","decl":{"start":{"line":29,"column":13},"end":{"line":29,"column":14}},"loc":{"start":{"line":29,"column":20},"end":{"line":29,"column":76}},"line":29},"7":{"name":"(anonymous_7)","decl":{"start":{"line":32,"column":32},"end":{"line":32,"column":33}},"loc":{"start":{"line":32,"column":39},"end":{"line":37,"column":5}},"line":32},"8":{"name":"(anonymous_8)","decl":{"start":{"line":37,"column":13},"end":{"line":37,"column":14}},"loc":{"start":{"line":37,"column":20},"end":{"line":41,"column":5}},"line":37},"9":{"name":"(anonymous_9)","decl":{"start":{"line":44,"column":21},"end":{"line":44,"column":22}},"loc":{"start":{"line":44,"column":33},"end":{"line":52,"column":3}},"line":44},"10":{"name":"(anonymous_10)","decl":{"start":{"line":54,"column":21},"end":{"line":54,"column":22}},"loc":{"start":{"line":54,"column":33},"end":{"line":61,"column":3}},"line":54},"11":{"name":"(anonymous_11)","decl":{"start":{"line":63,"column":19},"end":{"line":63,"column":20}},"loc":{"start":{"line":63,"column":31},"end":{"line":92,"column":3}},"line":63},"12":{"name":"(anonymous_12)","decl":{"start":{"line":124,"column":28},"end":{"line":124,"column":29}},"loc":{"start":{"line":124,"column":35},"end":{"line":124,"column":61}},"line":124},"13":{"name":"(anonymous_13)","decl":{"start":{"line":149,"column":26},"end":{"line":149,"column":27}},"loc":{"start":{"line":149,"column":33},"end":{"line":149,"column":63}},"line":149},"14":{"name":"(anonymous_14)","decl":{"start":{"line":169,"column":26},"end":{"line":169,"column":27}},"loc":{"start":{"line":169,"column":32},"end":{"line":169,"column":49}},"line":169}},"branchMap":{"0":{"loc":{"start":{"line":17,"column":6},"end":{"line":19,"column":7}},"type":"if","locations":[{"start":{"line":17,"column":6},"end":{"line":19,"column":7}},{"start":{},"end":{}}],"line":17},"1":{"loc":{"start":{"line":25,"column":6},"end":{"line":28,"column":7}},"type":"if","locations":[{"start":{"line":25,"column":6},"end":{"line":28,"column":7}},{"start":{},"end":{}}],"line":25},"2":{"loc":{"start":{"line":33,"column":6},"end":{"line":36,"column":7}},"type":"if","locations":[{"start":{"line":33,"column":6},"end":{"line":36,"column":7}},{"start":{},"end":{}}],"line":33},"3":{"loc":{"start":{"line":47,"column":4},"end":{"line":51,"column":5}},"type":"if","locations":[{"start":{"line":47,"column":4},"end":{"line":51,"column":5}},{"start":{"line":49,"column":11},"end":{"line":51,"column":5}}],"line":47},"4":{"loc":{"start":{"line":47,"column":8},"end":{"line":47,"column":55}},"type":"binary-expr","locations":[{"start":{"line":47,"column":8},"end":{"line":47,"column":30}},{"start":{"line":47,"column":34},"end":{"line":47,"column":55}}],"line":47},"5":{"loc":{"start":{"line":49,"column":11},"end":{"line":51,"column":5}},"type":"if","locations":[{"start":{"line":49,"column":11},"end":{"line":51,"column":5}},{"start":{},"end":{}}],"line":49},"6":{"loc":{"start":{"line":58,"column":4},"end":{"line":60,"column":5}},"type":"if","locations":[{"start":{"line":58,"column":4},"end":{"line":60,"column":5}},{"start":{},"end":{}}],"line":58},"7":{"loc":{"start":{"line":58,"column":8},"end":{"line":58,"column":55}},"type":"binary-expr","locations":[{"start":{"line":58,"column":8},"end":{"line":58,"column":28}},{"start":{"line":58,"column":32},"end":{"line":58,"column":55}}],"line":58},"8":{"loc":{"start":{"line":64,"column":4},"end":{"line":67,"column":5}},"type":"if","locations":[{"start":{"line":64,"column":4},"end":{"line":67,"column":5}},{"start":{},"end":{}}],"line":64},"9":{"loc":{"start":{"line":73,"column":6},"end":{"line":75,"column":7}},"type":"if","locations":[{"start":{"line":73,"column":6},"end":{"line":75,"column":7}},{"start":{},"end":{}}],"line":73},"10":{"loc":{"start":{"line":87,"column":22},"end":{"line":87,"column":83}},"type":"binary-expr","locations":[{"start":{"line":87,"column":22},"end":{"line":87,"column":40}},{"start":{"line":87,"column":44},"end":{"line":87,"column":83}}],"line":87},"11":{"loc":{"start":{"line":115,"column":105},"end":{"line":115,"column":256}},"type":"cond-expr","locations":[{"start":{"line":115,"column":118},"end":{"line":115,"column":166}},{"start":{"line":115,"column":169},"end":{"line":115,"column":256}}],"line":115},"12":{"loc":{"start":{"line":128,"column":17},"end":{"line":140,"column":17}},"type":"cond-expr","locations":[{"start":{"line":129,"column":18},"end":{"line":133,"column":24}},{"start":{"line":135,"column":18},"end":{"line":139,"column":24}}],"line":128},"13":{"loc":{"start":{"line":159,"column":27},"end":{"line":159,"column":43}},"type":"binary-expr","locations":[{"start":{"line":159,"column":27},"end":{"line":159,"column":34}},{"start":{"line":159,"column":38},"end":{"line":159,"column":43}}],"line":159},"14":{"loc":{"start":{"line":160,"column":137},"end":{"line":160,"column":355}},"type":"cond-expr","locations":[{"start":{"line":160,"column":156},"end":{"line":160,"column":250}},{"start":{"line":160,"column":253},"end":{"line":160,"column":355}}],"line":160},"15":{"loc":{"start":{"line":160,"column":137},"end":{"line":160,"column":153}},"type":"binary-expr","locations":[{"start":{"line":160,"column":137},"end":{"line":160,"column":144}},{"start":{"line":160,"column":148},"end":{"line":160,"column":153}}],"line":160},"16":{"loc":{"start":{"line":162,"column":18},"end":{"line":166,"column":18}},"type":"cond-expr","locations":[{"start":{"line":163,"column":19},"end":{"line":163,"column":379}},{"start":{"line":165,"column":19},"end":{"line":165,"column":39}}],"line":162}},"s":{"0":0,"1":0,"2":0,"3":0,"4":0,"5":0,"6":0,"7":0,"8":0,"9":0,"10":0,"11":0,"12":0,"13":0,"14":0,"15":0,"16":0,"17":0,"18":0,"19":0,"20":0,"21":0,"22":0,"23":0,"24":0,"25":0,"26":0,"27":0,"28":0,"29":0,"30":0,"31":0,"32":0,"33":0,"34":0,"35":0,"36":0,"37":0,"38":0,"39":0,"40":0,"41":0,"42":0,"43":0,"44":0,"45":0,"46":0,"47":0,"48":0,"49":0,"50":0,"51":0,"52":0,"53":0,"54":0,"55":0,"56":0,"57":0,"58":0},"f":{"0":0,"1":0,"2":0,"3":0,"4":0,"5":0,"6":0,"7":0,"8":0,"9":0,"10":0,"11":0,"12":0,"13":0,"14":0},"b":{"0":[0,0],"1":[0,0],"2":[0,0],"3":[0,0],"4":[0,0],"5":[0,0],"6":[0,0],"7":[0,0],"8":[0,0],"9":[0,0],"10":[0,0],"11":[0,0],"12":[0,0],"13":[0,0],"14":[0,0],"15":[0,0],"16":[0,0]}}
,"C:\\Finalproject\\smart-job-tracker\\frontend\\src\\pages\\Dashboard.jsx": {"path":"C:\\Finalproject\\smart-job-tracker\\frontend\\src\\pages\\Dashboard.jsx","statementMap":{"0":{"start":{"line":6,"column":19},"end":{"line":6,"column":32}},"1":{"start":{"line":7,"column":32},"end":{"line":7,"column":46}},"2":{"start":{"line":9,"column":2},"end":{"line":40,"column":17}},"3":{"start":{"line":10,"column":18},"end":{"line":10,"column":47}},"4":{"start":{"line":11,"column":4},"end":{"line":14,"column":5}},"5":{"start":{"line":12,"column":6},"end":{"line":12,"column":20}},"6":{"start":{"line":13,"column":6},"end":{"line":13,"column":13}},"7":{"start":{"line":17,"column":4},"end":{"line":39,"column":7}},"8":{"start":{"line":18,"column":23},"end":{"line":18,"column":36}},"9":{"start":{"line":21,"column":6},"end":{"line":29,"column":7}},"10":{"start":{"line":22,"column":8},"end":{"line":22,"column":34}},"11":{"start":{"line":23,"column":13},"end":{"line":29,"column":7}},"12":{"start":{"line":24,"column":8},"end":{"line":24,"column":36}},"13":{"start":{"line":25,"column":13},"end":{"line":29,"column":7}},"14":{"start":{"line":26,"column":8},"end":{"line":26,"column":27}},"15":{"start":{"line":28,"column":8},"end":{"line":28,"column":26}},"16":{"start":{"line":32,"column":6},"end":{"line":36,"column":9}},"17":{"start":{"line":33,"column":8},"end":{"line":33,"column":27}},"18":{"start":{"line":35,"column":8},"end":{"line":35,"column":26}},"19":{"start":{"line":38,"column":6},"end":{"line":38,"column":24}},"20":{"start":{"line":42,"column":2},"end":{"line":51,"column":3}},"21":{"start":{"line":43,"column":4},"end":{"line":50,"column":6}},"22":{"start":{"line":53,"column":2},"end":{"line":60,"column":4}}},"fnMap":{"0":{"name":"Dashboard","decl":{"start":{"line":5,"column":24},"end":{"line":5,"column":33}},"loc":{"start":{"line":5,"column":36},"end":{"line":61,"column":1}},"line":5},"1":{"name":"(anonymous_1)","decl":{"start":{"line":9,"column":12},"end":{"line":9,"column":13}},"loc":{"start":{"line":9,"column":18},"end":{"line":40,"column":3}},"line":9},"2":{"name":"(anonymous_2)","decl":{"start":{"line":17,"column":34},"end":{"line":17,"column":35}},"loc":{"start":{"line":17,"column":43},"end":{"line":30,"column":5}},"line":17},"3":{"name":"(anonymous_3)","decl":{"start":{"line":30,"column":13},"end":{"line":30,"column":14}},"loc":{"start":{"line":30,"column":19},"end":{"line":37,"column":5}},"line":30},"4":{"name":"(anonymous_4)","decl":{"start":{"line":32,"column":35},"end":{"line":32,"column":36}},"loc":{"start":{"line":32,"column":41},"end":{"line":34,"column":7}},"line":32},"5":{"name":"(anonymous_5)","decl":{"start":{"line":34,"column":15},"end":{"line":34,"column":16}},"loc":{"start":{"line":34,"column":21},"end":{"line":36,"column":7}},"line":34},"6":{"name":"(anonymous_6)","decl":{"start":{"line":37,"column":15},"end":{"line":37,"column":16}},"loc":{"start":{"line":37,"column":21},"end":{"line":39,"column":5}},"line":37}},"branchMap":{"0":{"loc":{"start":{"line":11,"column":4},"end":{"line":14,"column":5}},"type":"if","locations":[{"start":{"line":11,"column":4},"end":{"line":14,"column":5}},{"start":{},"end":{}}],"line":11},"1":{"loc":{"start":{"line":21,"column":6},"end":{"line":29,"column":7}},"type":"if","locations":[{"start":{"line":21,"column":6},"end":{"line":29,"column":7}},{"start":{"line":23,"column":13},"end":{"line":29,"column":7}}],"line":21},"2":{"loc":{"start":{"line":23,"column":13},"end":{"line":29,"column":7}},"type":"if","locations":[{"start":{"line":23,"column":13},"end":{"line":29,"column":7}},{"start":{"line":25,"column":13},"end":{"line":29,"column":7}}],"line":23},"3":{"loc":{"start":{"line":25,"column":13},"end":{"line":29,"column":7}},"type":"if","locations":[{"start":{"line":25,"column":13},"end":{"line":29,"column":7}},{"start":{"line":27,"column":13},"end":{"line":29,"column":7}}],"line":25},"4":{"loc":{"start":{"line":42,"column":2},"end":{"line":51,"column":3}},"type":"if","locations":[{"start":{"line":42,"column":2},"end":{"line":51,"column":3}},{"start":{},"end":{}}],"line":42}},"s":{"0":0,"1":0,"2":0,"3":0,"4":0,"5":0,"6":0,"7":0,"8":0,"9":0,"10":0,"11":0,"12":0,"13":0,"14":0,"15":0,"16":0,"17":0,"18":0,"19":0,"20":0,"21":0,"22":0},"f":{"0":0,"1":0,"2":0,"3":0,"4":0,"5":0,"6":0},"b":{"0":[0,0],"1":[0,0],"2":[0,0],"3":[0,0],"4":[0,0]}}
,"C:\\Finalproject\\smart-job-tracker\\frontend\\src\\pages\\Features.jsx": {"path":"C:\\Finalproject\\smart-job-tracker\\frontend\\src\\pages\\Features.jsx","statementMap":{"0":{"start":{"line":6,"column":19},"end":{"line":6,"column":32}},"1":{"start":{"line":8,"column":24},"end":{"line":45,"column":3}},"2":{"start":{"line":47,"column":2},"end":{"line":118,"column":4}},"3":{"start":{"line":80,"column":12},"end":{"line":102,"column":18}},"4":{"start":{"line":95,"column":18},"end":{"line":99,"column":24}},"5":{"start":{"line":111,"column":36},"end":{"line":111,"column":57}},"6":{"start":{"line":112,"column":36},"end":{"line":112,"column":53}}},"fnMap":{"0":{"name":"Features","decl":{"start":{"line":5,"column":24},"end":{"line":5,"column":32}},"loc":{"start":{"line":5,"column":35},"end":{"line":119,"column":1}},"line":5},"1":{"name":"(anonymous_1)","decl":{"start":{"line":79,"column":29},"end":{"line":79,"column":30}},"loc":{"start":{"line":80,"column":12},"end":{"line":102,"column":18}},"line":80},"2":{"name":"(anonymous_2)","decl":{"start":{"line":94,"column":36},"end":{"line":94,"column":37}},"loc":{"start":{"line":95,"column":18},"end":{"line":99,"column":24}},"line":95},"3":{"name":"(anonymous_3)","decl":{"start":{"line":111,"column":30},"end":{"line":111,"column":31}},"loc":{"start":{"line":111,"column":36},"end":{"line":111,"column":57}},"line":111},"4":{"name":"(anonymous_4)","decl":{"start":{"line":112,"column":30},"end":{"line":112,"column":31}},"loc":{"start":{"line":112,"column":36},"end":{"line":112,"column":53}},"line":112}},"branchMap":{},"s":{"0":0,"1":0,"2":0,"3":0,"4":0,"5":0,"6":0},"f":{"0":0,"1":0,"2":0,"3":0,"4":0},"b":{}}
,"C:\\Finalproject\\smart-job-tracker\\frontend\\src\\pages\\ForgotPassword.jsx": {"path":"C:\\Finalproject\\smart-job-tracker\\frontend\\src\\pages\\ForgotPassword.jsx","statementMap":{"0":{"start":{"line":7,"column":19},"end":{"line":7,"column":32}},"1":{"start":{"line":8,"column":28},"end":{"line":8,"column":40}},"2":{"start":{"line":9,"column":24},"end":{"line":9,"column":36}},"3":{"start":{"line":10,"column":40},"end":{"line":10,"column":52}},"4":{"start":{"line":11,"column":32},"end":{"line":11,"column":47}},"5":{"start":{"line":12,"column":32},"end":{"line":12,"column":47}},"6":{"start":{"line":14,"column":18},"end":{"line":26,"column":3}},"7":{"start":{"line":15,"column":4},"end":{"line":15,"column":56}},"8":{"start":{"line":15,"column":16},"end":{"line":15,"column":56}},"9":{"start":{"line":16,"column":4},"end":{"line":16,"column":21}},"10":{"start":{"line":17,"column":4},"end":{"line":25,"column":5}},"11":{"start":{"line":18,"column":18},"end":{"line":18,"column":68}},"12":{"start":{"line":19,"column":6},"end":{"line":19,"column":45}},"13":{"start":{"line":20,"column":6},"end":{"line":20,"column":23}},"14":{"start":{"line":22,"column":6},"end":{"line":22,"column":56}},"15":{"start":{"line":24,"column":6},"end":{"line":24,"column":24}},"16":{"start":{"line":28,"column":24},"end":{"line":40,"column":3}},"17":{"start":{"line":29,"column":4},"end":{"line":29,"column":69}},"18":{"start":{"line":29,"column":30},"end":{"line":29,"column":69}},"19":{"start":{"line":30,"column":4},"end":{"line":30,"column":21}},"20":{"start":{"line":31,"column":4},"end":{"line":39,"column":5}},"21":{"start":{"line":32,"column":18},"end":{"line":32,"column":85}},"22":{"start":{"line":33,"column":6},"end":{"line":33,"column":64}},"23":{"start":{"line":34,"column":6},"end":{"line":34,"column":20}},"24":{"start":{"line":36,"column":6},"end":{"line":36,"column":62}},"25":{"start":{"line":38,"column":6},"end":{"line":38,"column":24}},"26":{"start":{"line":42,"column":2},"end":{"line":153,"column":4}},"27":{"start":{"line":68,"column":35},"end":{"line":68,"column":59}},"28":{"start":{"line":105,"column":35},"end":{"line":105,"column":57}},"29":{"start":{"line":123,"column":35},"end":{"line":123,"column":65}},"30":{"start":{"line":144,"column":29},"end":{"line":144,"column":46}}},"fnMap":{"0":{"name":"ForgotPassword","decl":{"start":{"line":6,"column":24},"end":{"line":6,"column":38}},"loc":{"start":{"line":6,"column":41},"end":{"line":154,"column":1}},"line":6},"1":{"name":"(anonymous_1)","decl":{"start":{"line":14,"column":18},"end":{"line":14,"column":19}},"loc":{"start":{"line":14,"column":30},"end":{"line":26,"column":3}},"line":14},"2":{"name":"(anonymous_2)","decl":{"start":{"line":28,"column":24},"end":{"line":28,"column":25}},"loc":{"start":{"line":28,"column":36},"end":{"line":40,"column":3}},"line":28},"3":{"name":"(anonymous_3)","decl":{"start":{"line":68,"column":28},"end":{"line":68,"column":29}},"loc":{"start":{"line":68,"column":35},"end":{"line":68,"column":59}},"line":68},"4":{"name":"(anonymous_4)","decl":{"start":{"line":105,"column":28},"end":{"line":105,"column":29}},"loc":{"start":{"line":105,"column":35},"end":{"line":105,"column":57}},"line":105},"5":{"name":"(anonymous_5)","decl":{"start":{"line":123,"column":28},"end":{"line":123,"column":29}},"loc":{"start":{"line":123,"column":35},"end":{"line":123,"column":65}},"line":123},"6":{"name":"(anonymous_6)","decl":{"start":{"line":144,"column":23},"end":{"line":144,"column":24}},"loc":{"start":{"line":144,"column":29},"end":{"line":144,"column":46}},"line":144}},"branchMap":{"0":{"loc":{"start":{"line":15,"column":4},"end":{"line":15,"column":56}},"type":"if","locations":[{"start":{"line":15,"column":4},"end":{"line":15,"column":56}},{"start":{},"end":{}}],"line":15},"1":{"loc":{"start":{"line":19,"column":12},"end":{"line":19,"column":43}},"type":"binary-expr","locations":[{"start":{"line":19,"column":12},"end":{"line":19,"column":28}},{"start":{"line":19,"column":32},"end":{"line":19,"column":43}}],"line":19},"2":{"loc":{"start":{"line":22,"column":12},"end":{"line":22,"column":54}},"type":"binary-expr","locations":[{"start":{"line":22,"column":12},"end":{"line":22,"column":30}},{"start":{"line":22,"column":34},"end":{"line":22,"column":54}}],"line":22},"3":{"loc":{"start":{"line":29,"column":4},"end":{"line":29,"column":69}},"type":"if","locations":[{"start":{"line":29,"column":4},"end":{"line":29,"column":69}},{"start":{},"end":{}}],"line":29},"4":{"loc":{"start":{"line":29,"column":8},"end":{"line":29,"column":28}},"type":"binary-expr","locations":[{"start":{"line":29,"column":8},"end":{"line":29,"column":12}},{"start":{"line":29,"column":16},"end":{"line":29,"column":28}}],"line":29},"5":{"loc":{"start":{"line":33,"column":12},"end":{"line":33,"column":62}},"type":"binary-expr","locations":[{"start":{"line":33,"column":12},"end":{"line":33,"column":28}},{"start":{"line":33,"column":32},"end":{"line":33,"column":62}}],"line":33},"6":{"loc":{"start":{"line":36,"column":12},"end":{"line":36,"column":60}},"type":"binary-expr","locations":[{"start":{"line":36,"column":12},"end":{"line":36,"column":30}},{"start":{"line":36,"column":34},"end":{"line":36,"column":60}}],"line":36},"7":{"loc":{"start":{"line":55,"column":9},"end":{"line":150,"column":9}},"type":"cond-expr","locations":[{"start":{"line":56,"column":10},"end":{"line":93,"column":16}},{"start":{"line":95,"column":10},"end":{"line":149,"column":16}}],"line":55},"8":{"loc":{"start":{"line":79,"column":15},"end":{"line":86,"column":15}},"type":"cond-expr","locations":[{"start":{"line":80,"column":16},"end":{"line":83,"column":22}},{"start":{"line":85,"column":16},"end":{"line":85,"column":37}}],"line":79},"9":{"loc":{"start":{"line":131,"column":24},"end":{"line":131,"column":55}},"type":"binary-expr","locations":[{"start":{"line":131,"column":24},"end":{"line":131,"column":31}},{"start":{"line":131,"column":35},"end":{"line":131,"column":39}},{"start":{"line":131,"column":43},"end":{"line":131,"column":55}}],"line":131},"10":{"loc":{"start":{"line":134,"column":15},"end":{"line":141,"column":15}},"type":"cond-expr","locations":[{"start":{"line":135,"column":16},"end":{"line":138,"column":22}},{"start":{"line":140,"column":16},"end":{"line":140,"column":44}}],"line":134}},"s":{"0":0,"1":0,"2":0,"3":0,"4":0,"5":0,"6":0,"7":0,"8":0,"9":0,"10":0,"11":0,"12":0,"13":0,"14":0,"15":0,"16":0,"17":0,"18":0,"19":0,"20":0,"21":0,"22":0,"23":0,"24":0,"25":0,"26":0,"27":0,"28":0,"29":0,"30":0},"f":{"0":0,"1":0,"2":0,"3":0,"4":0,"5":0,"6":0},"b":{"0":[0,0],"1":[0,0],"2":[0,0],"3":[0,0],"4":[0,0],"5":[0,0],"6":[0,0],"7":[0,0],"8":[0,0],"9":[0,0,0],"10":[0,0]}}
,"C:\\Finalproject\\smart-job-tracker\\frontend\\src\\pages\\HRDashboard.jsx": {"path":"C:\\Finalproject\\smart-job-tracker\\frontend\\src\\pages\\HRDashboard.jsx","statementMap":{"0":{"start":{"line":7,"column":19},"end":{"line":7,"column":32}},"1":{"start":{"line":8,"column":26},"end":{"line":8,"column":38}},"2":{"start":{"line":9,"column":42},"end":{"line":9,"column":54}},"3":{"start":{"line":10,"column":40},"end":{"line":10,"column":55}},"4":{"start":{"line":11,"column":38},"end":{"line":11,"column":52}},"5":{"start":{"line":12,"column":52},"end":{"line":12,"column":66}},"6":{"start":{"line":13,"column":36},"end":{"line":13,"column":56}},"7":{"start":{"line":14,"column":28},"end":{"line":18,"column":4}},"8":{"start":{"line":19,"column":38},"end":{"line":19,"column":53}},"9":{"start":{"line":21,"column":32},"end":{"line":23,"column":4}},"10":{"start":{"line":24,"column":36},"end":{"line":24,"column":48}},"11":{"start":{"line":25,"column":36},"end":{"line":25,"column":48}},"12":{"start":{"line":27,"column":2},"end":{"line":30,"column":9}},"13":{"start":{"line":28,"column":4},"end":{"line":28,"column":16}},"14":{"start":{"line":29,"column":4},"end":{"line":29,"column":24}},"15":{"start":{"line":32,"column":20},"end":{"line":38,"column":3}},"16":{"start":{"line":33,"column":4},"end":{"line":37,"column":20}},"17":{"start":{"line":34,"column":18},"end":{"line":34,"column":43}},"18":{"start":{"line":35,"column":6},"end":{"line":35,"column":24}},"19":{"start":{"line":36,"column":6},"end":{"line":36,"column":45}},"20":{"start":{"line":40,"column":28},"end":{"line":46,"column":3}},"21":{"start":{"line":41,"column":4},"end":{"line":45,"column":20}},"22":{"start":{"line":42,"column":18},"end":{"line":42,"column":48}},"23":{"start":{"line":43,"column":6},"end":{"line":43,"column":32}},"24":{"start":{"line":44,"column":6},"end":{"line":44,"column":37}},"25":{"start":{"line":48,"column":25},"end":{"line":58,"column":3}},"26":{"start":{"line":49,"column":14},"end":{"line":56,"column":5}},"27":{"start":{"line":52,"column":58},"end":{"line":52,"column":82}},"28":{"start":{"line":53,"column":59},"end":{"line":53,"column":84}},"29":{"start":{"line":54,"column":59},"end":{"line":54,"column":84}},"30":{"start":{"line":57,"column":4},"end":{"line":57,"column":16}},"31":{"start":{"line":60,"column":23},"end":{"line":75,"column":3}},"32":{"start":{"line":61,"column":4},"end":{"line":61,"column":23}},"33":{"start":{"line":62,"column":4},"end":{"line":74,"column":5}},"34":{"start":{"line":63,"column":6},"end":{"line":67,"column":7}},"35":{"start":{"line":64,"column":8},"end":{"line":64,"column":57}},"36":{"start":{"line":66,"column":8},"end":{"line":66,"column":41}},"37":{"start":{"line":68,"column":6},"end":{"line":68,"column":28}},"38":{"start":{"line":69,"column":6},"end":{"line":69,"column":26}},"39":{"start":{"line":70,"column":6},"end":{"line":70,"column":103}},"40":{"start":{"line":71,"column":6},"end":{"line":71,"column":18}},"41":{"start":{"line":73,"column":6},"end":{"line":73,"column":32}},"42":{"start":{"line":77,"column":21},"end":{"line":81,"column":3}},"43":{"start":{"line":78,"column":4},"end":{"line":78,"column":23}},"44":{"start":{"line":79,"column":4},"end":{"line":79,"column":20}},"45":{"start":{"line":80,"column":4},"end":{"line":80,"column":25}},"46":{"start":{"line":83,"column":23},"end":{"line":90,"column":3}},"47":{"start":{"line":84,"column":4},"end":{"line":89,"column":5}},"48":{"start":{"line":85,"column":6},"end":{"line":88,"column":23}},"49":{"start":{"line":86,"column":8},"end":{"line":86,"column":40}},"50":{"start":{"line":87,"column":8},"end":{"line":87,"column":20}},"51":{"start":{"line":92,"column":29},"end":{"line":99,"column":3}},"52":{"start":{"line":93,"column":4},"end":{"line":98,"column":5}},"53":{"start":{"line":94,"column":6},"end":{"line":94,"column":49}},"54":{"start":{"line":95,"column":6},"end":{"line":95,"column":18}},"55":{"start":{"line":97,"column":6},"end":{"line":97,"column":41}},"56":{"start":{"line":101,"column":34},"end":{"line":112,"column":3}},"57":{"start":{"line":102,"column":4},"end":{"line":102,"column":27}},"58":{"start":{"line":102,"column":20},"end":{"line":102,"column":27}},"59":{"start":{"line":103,"column":4},"end":{"line":103,"column":24}},"60":{"start":{"line":104,"column":4},"end":{"line":111,"column":5}},"61":{"start":{"line":105,"column":6},"end":{"line":105,"column":56}},"62":{"start":{"line":106,"column":6},"end":{"line":106,"column":32}},"63":{"start":{"line":108,"column":6},"end":{"line":108,"column":83}},"64":{"start":{"line":110,"column":6},"end":{"line":110,"column":27}},"65":{"start":{"line":114,"column":28},"end":{"line":125,"column":3}},"66":{"start":{"line":115,"column":4},"end":{"line":115,"column":27}},"67":{"start":{"line":115,"column":20},"end":{"line":115,"column":27}},"68":{"start":{"line":116,"column":4},"end":{"line":116,"column":24}},"69":{"start":{"line":117,"column":4},"end":{"line":124,"column":5}},"70":{"start":{"line":118,"column":6},"end":{"line":118,"column":73}},"71":{"start":{"line":119,"column":6},"end":{"line":119,"column":32}},"72":{"start":{"line":121,"column":6},"end":{"line":121,"column":36}},"73":{"start":{"line":123,"column":6},"end":{"line":123,"column":27}},"74":{"start":{"line":127,"column":2},"end":{"line":622,"column":4}},"75":{"start":{"line":145,"column":35},"end":{"line":145,"column":55}},"76":{"start":{"line":146,"column":37},"end":{"line":146,"column":70}},"77":{"start":{"line":146,"column":71},"end":{"line":146,"column":85}},"78":{"start":{"line":153,"column":12},"end":{"line":163,"column":21}},"79":{"start":{"line":155,"column":29},"end":{"line":155,"column":46}},"80":{"start":{"line":177,"column":16},"end":{"line":180,"column":22}},"81":{"start":{"line":195,"column":39},"end":{"line":195,"column":67}},"82":{"start":{"line":201,"column":43},"end":{"line":201,"column":63}},"83":{"start":{"line":213,"column":114},"end":{"line":213,"column":168}},"84":{"start":{"line":214,"column":107},"end":{"line":214,"column":157}},"85":{"start":{"line":216,"column":105},"end":{"line":216,"column":158}},"86":{"start":{"line":218,"column":138},"end":{"line":218,"column":195}},"87":{"start":{"line":219,"column":122},"end":{"line":219,"column":170}},"88":{"start":{"line":223,"column":62},"end":{"line":223,"column":84}},"89":{"start":{"line":223,"column":85},"end":{"line":223,"column":105}},"90":{"start":{"line":223,"column":106},"end":{"line":223,"column":201}},"91":{"start":{"line":234,"column":20},"end":{"line":236,"column":85}},"92":{"start":{"line":238,"column":20},"end":{"line":270,"column":26}},"93":{"start":{"line":257,"column":47},"end":{"line":257,"column":74}},"94":{"start":{"line":257,"column":75},"end":{"line":257,"column":104}},"95":{"start":{"line":263,"column":49},"end":{"line":263,"column":75}},"96":{"start":{"line":266,"column":49},"end":{"line":266,"column":64}},"97":{"start":{"line":267,"column":49},"end":{"line":267,"column":69}},"98":{"start":{"line":286,"column":39},"end":{"line":286,"column":67}},"99":{"start":{"line":298,"column":21},"end":{"line":300,"column":82}},"100":{"start":{"line":302,"column":21},"end":{"line":435,"column":27}},"101":{"start":{"line":311,"column":36},"end":{"line":321,"column":40}},"102":{"start":{"line":339,"column":35},"end":{"line":354,"column":44}},"103":{"start":{"line":341,"column":52},"end":{"line":341,"column":84}},"104":{"start":{"line":419,"column":49},"end":{"line":419,"column":74}},"105":{"start":{"line":430,"column":52},"end":{"line":430,"column":93}},"106":{"start":{"line":431,"column":52},"end":{"line":431,"column":93}},"107":{"start":{"line":459,"column":20},"end":{"line":461,"column":81}},"108":{"start":{"line":463,"column":20},"end":{"line":517,"column":26}},"109":{"start":{"line":503,"column":45},"end":{"line":503,"column":86}},"110":{"start":{"line":509,"column":45},"end":{"line":509,"column":86}},"111":{"start":{"line":533,"column":31},"end":{"line":533,"column":57}},"112":{"start":{"line":569,"column":22},"end":{"line":571,"column":29}},"113":{"start":{"line":580,"column":22},"end":{"line":594,"column":26}}},"fnMap":{"0":{"name":"HRDashboard","decl":{"start":{"line":6,"column":24},"end":{"line":6,"column":35}},"loc":{"start":{"line":6,"column":38},"end":{"line":623,"column":1}},"line":6},"1":{"name":"(anonymous_1)","decl":{"start":{"line":27,"column":12},"end":{"line":27,"column":13}},"loc":{"start":{"line":27,"column":18},"end":{"line":30,"column":3}},"line":27},"2":{"name":"(anonymous_2)","decl":{"start":{"line":32,"column":20},"end":{"line":32,"column":21}},"loc":{"start":{"line":32,"column":32},"end":{"line":38,"column":3}},"line":32},"3":{"name":"(anonymous_3)","decl":{"start":{"line":40,"column":28},"end":{"line":40,"column":29}},"loc":{"start":{"line":40,"column":40},"end":{"line":46,"column":3}},"line":40},"4":{"name":"(anonymous_4)","decl":{"start":{"line":48,"column":25},"end":{"line":48,"column":26}},"loc":{"start":{"line":48,"column":57},"end":{"line":58,"column":3}},"line":48},"5":{"name":"(anonymous_5)","decl":{"start":{"line":52,"column":51},"end":{"line":52,"column":52}},"loc":{"start":{"line":52,"column":58},"end":{"line":52,"column":82}},"line":52},"6":{"name":"(anonymous_6)","decl":{"start":{"line":53,"column":52},"end":{"line":53,"column":53}},"loc":{"start":{"line":53,"column":59},"end":{"line":53,"column":84}},"line":53},"7":{"name":"(anonymous_7)","decl":{"start":{"line":54,"column":52},"end":{"line":54,"column":53}},"loc":{"start":{"line":54,"column":59},"end":{"line":54,"column":84}},"line":54},"8":{"name":"(anonymous_8)","decl":{"start":{"line":60,"column":23},"end":{"line":60,"column":24}},"loc":{"start":{"line":60,"column":36},"end":{"line":75,"column":3}},"line":60},"9":{"name":"(anonymous_9)","decl":{"start":{"line":77,"column":21},"end":{"line":77,"column":22}},"loc":{"start":{"line":77,"column":30},"end":{"line":81,"column":3}},"line":77},"10":{"name":"(anonymous_10)","decl":{"start":{"line":83,"column":23},"end":{"line":83,"column":24}},"loc":{"start":{"line":83,"column":37},"end":{"line":90,"column":3}},"line":83},"11":{"name":"(anonymous_11)","decl":{"start":{"line":92,"column":29},"end":{"line":92,"column":30}},"loc":{"start":{"line":92,"column":43},"end":{"line":99,"column":3}},"line":92},"12":{"name":"(anonymous_12)","decl":{"start":{"line":101,"column":34},"end":{"line":101,"column":35}},"loc":{"start":{"line":101,"column":59},"end":{"line":112,"column":3}},"line":101},"13":{"name":"(anonymous_13)","decl":{"start":{"line":114,"column":28},"end":{"line":114,"column":29}},"loc":{"start":{"line":114,"column":55},"end":{"line":125,"column":3}},"line":114},"14":{"name":"(anonymous_14)","decl":{"start":{"line":145,"column":29},"end":{"line":145,"column":30}},"loc":{"start":{"line":145,"column":35},"end":{"line":145,"column":55}},"line":145},"15":{"name":"(anonymous_15)","decl":{"start":{"line":146,"column":29},"end":{"line":146,"column":30}},"loc":{"start":{"line":146,"column":35},"end":{"line":146,"column":87}},"line":146},"16":{"name":"(anonymous_16)","decl":{"start":{"line":152,"column":63},"end":{"line":152,"column":64}},"loc":{"start":{"line":153,"column":12},"end":{"line":163,"column":21}},"line":153},"17":{"name":"(anonymous_17)","decl":{"start":{"line":155,"column":23},"end":{"line":155,"column":24}},"loc":{"start":{"line":155,"column":29},"end":{"line":155,"column":46}},"line":155},"18":{"name":"(anonymous_18)","decl":{"start":{"line":176,"column":20},"end":{"line":176,"column":21}},"loc":{"start":{"line":177,"column":16},"end":{"line":180,"column":22}},"line":177},"19":{"name":"(anonymous_19)","decl":{"start":{"line":195,"column":32},"end":{"line":195,"column":33}},"loc":{"start":{"line":195,"column":39},"end":{"line":195,"column":67}},"line":195},"20":{"name":"(anonymous_20)","decl":{"start":{"line":201,"column":37},"end":{"line":201,"column":38}},"loc":{"start":{"line":201,"column":43},"end":{"line":201,"column":63}},"line":201},"21":{"name":"(anonymous_21)","decl":{"start":{"line":213,"column":107},"end":{"line":213,"column":108}},"loc":{"start":{"line":213,"column":114},"end":{"line":213,"column":168}},"line":213},"22":{"name":"(anonymous_22)","decl":{"start":{"line":214,"column":100},"end":{"line":214,"column":101}},"loc":{"start":{"line":214,"column":107},"end":{"line":214,"column":157}},"line":214},"23":{"name":"(anonymous_23)","decl":{"start":{"line":216,"column":98},"end":{"line":216,"column":99}},"loc":{"start":{"line":216,"column":105},"end":{"line":216,"column":158}},"line":216},"24":{"name":"(anonymous_24)","decl":{"start":{"line":218,"column":131},"end":{"line":218,"column":132}},"loc":{"start":{"line":218,"column":138},"end":{"line":218,"column":195}},"line":218},"25":{"name":"(anonymous_25)","decl":{"start":{"line":219,"column":115},"end":{"line":219,"column":116}},"loc":{"start":{"line":219,"column":122},"end":{"line":219,"column":170}},"line":219},"26":{"name":"(anonymous_26)","decl":{"start":{"line":223,"column":54},"end":{"line":223,"column":55}},"loc":{"start":{"line":223,"column":60},"end":{"line":223,"column":203}},"line":223},"27":{"name":"(anonymous_27)","decl":{"start":{"line":233,"column":31},"end":{"line":233,"column":32}},"loc":{"start":{"line":234,"column":20},"end":{"line":236,"column":85}},"line":234},"28":{"name":"(anonymous_28)","decl":{"start":{"line":237,"column":24},"end":{"line":237,"column":25}},"loc":{"start":{"line":238,"column":20},"end":{"line":270,"column":26}},"line":238},"29":{"name":"(anonymous_29)","decl":{"start":{"line":257,"column":39},"end":{"line":257,"column":40}},"loc":{"start":{"line":257,"column":45},"end":{"line":257,"column":106}},"line":257},"30":{"name":"(anonymous_30)","decl":{"start":{"line":263,"column":43},"end":{"line":263,"column":44}},"loc":{"start":{"line":263,"column":49},"end":{"line":263,"column":75}},"line":263},"31":{"name":"(anonymous_31)","decl":{"start":{"line":266,"column":43},"end":{"line":266,"column":44}},"loc":{"start":{"line":266,"column":49},"end":{"line":266,"column":64}},"line":266},"32":{"name":"(anonymous_32)","decl":{"start":{"line":267,"column":43},"end":{"line":267,"column":44}},"loc":{"start":{"line":267,"column":49},"end":{"line":267,"column":69}},"line":267},"33":{"name":"(anonymous_33)","decl":{"start":{"line":286,"column":32},"end":{"line":286,"column":33}},"loc":{"start":{"line":286,"column":39},"end":{"line":286,"column":67}},"line":286},"34":{"name":"(anonymous_34)","decl":{"start":{"line":297,"column":40},"end":{"line":297,"column":41}},"loc":{"start":{"line":298,"column":21},"end":{"line":300,"column":82}},"line":298},"35":{"name":"(anonymous_35)","decl":{"start":{"line":301,"column":25},"end":{"line":301,"column":26}},"loc":{"start":{"line":302,"column":21},"end":{"line":435,"column":27}},"line":302},"36":{"name":"(anonymous_36)","decl":{"start":{"line":310,"column":64},"end":{"line":310,"column":65}},"loc":{"start":{"line":311,"column":36},"end":{"line":321,"column":40}},"line":311},"37":{"name":"(anonymous_37)","decl":{"start":{"line":338,"column":76},"end":{"line":338,"column":77}},"loc":{"start":{"line":339,"column":35},"end":{"line":354,"column":44}},"line":339},"38":{"name":"(anonymous_38)","decl":{"start":{"line":341,"column":46},"end":{"line":341,"column":47}},"loc":{"start":{"line":341,"column":52},"end":{"line":341,"column":84}},"line":341},"39":{"name":"(anonymous_39)","decl":{"start":{"line":419,"column":43},"end":{"line":419,"column":44}},"loc":{"start":{"line":419,"column":49},"end":{"line":419,"column":74}},"line":419},"40":{"name":"(anonymous_40)","decl":{"start":{"line":430,"column":46},"end":{"line":430,"column":47}},"loc":{"start":{"line":430,"column":52},"end":{"line":430,"column":93}},"line":430},"41":{"name":"(anonymous_41)","decl":{"start":{"line":431,"column":46},"end":{"line":431,"column":47}},"loc":{"start":{"line":431,"column":52},"end":{"line":431,"column":93}},"line":431},"42":{"name":"(anonymous_42)","decl":{"start":{"line":458,"column":39},"end":{"line":458,"column":40}},"loc":{"start":{"line":459,"column":20},"end":{"line":461,"column":81}},"line":459},"43":{"name":"(anonymous_43)","decl":{"start":{"line":462,"column":24},"end":{"line":462,"column":25}},"loc":{"start":{"line":463,"column":20},"end":{"line":517,"column":26}},"line":463},"44":{"name":"(anonymous_44)","decl":{"start":{"line":503,"column":39},"end":{"line":503,"column":40}},"loc":{"start":{"line":503,"column":45},"end":{"line":503,"column":86}},"line":503},"45":{"name":"(anonymous_45)","decl":{"start":{"line":509,"column":39},"end":{"line":509,"column":40}},"loc":{"start":{"line":509,"column":45},"end":{"line":509,"column":86}},"line":509},"46":{"name":"(anonymous_46)","decl":{"start":{"line":533,"column":25},"end":{"line":533,"column":26}},"loc":{"start":{"line":533,"column":31},"end":{"line":533,"column":57}},"line":533},"47":{"name":"(anonymous_47)","decl":{"start":{"line":568,"column":88},"end":{"line":568,"column":89}},"loc":{"start":{"line":569,"column":22},"end":{"line":571,"column":29}},"line":569},"48":{"name":"(anonymous_48)","decl":{"start":{"line":579,"column":108},"end":{"line":579,"column":109}},"loc":{"start":{"line":580,"column":22},"end":{"line":594,"column":26}},"line":580}},"branchMap":{"0":{"loc":{"start":{"line":63,"column":6},"end":{"line":67,"column":7}},"type":"if","locations":[{"start":{"line":63,"column":6},"end":{"line":67,"column":7}},{"start":{"line":65,"column":13},"end":{"line":67,"column":7}}],"line":63},"1":{"loc":{"start":{"line":84,"column":4},"end":{"line":89,"column":5}},"type":"if","locations":[{"start":{"line":84,"column":4},"end":{"line":89,"column":5}},{"start":{},"end":{}}],"line":84},"2":{"loc":{"start":{"line":102,"column":4},"end":{"line":102,"column":27}},"type":"if","locations":[{"start":{"line":102,"column":4},"end":{"line":102,"column":27}},{"start":{},"end":{}}],"line":102},"3":{"loc":{"start":{"line":108,"column":43},"end":{"line":108,"column":80}},"type":"binary-expr","locations":[{"start":{"line":108,"column":43},"end":{"line":108,"column":61}},{"start":{"line":108,"column":65},"end":{"line":108,"column":80}}],"line":108},"4":{"loc":{"start":{"line":115,"column":4},"end":{"line":115,"column":27}},"type":"if","locations":[{"start":{"line":115,"column":4},"end":{"line":115,"column":27}},{"start":{},"end":{}}],"line":115},"5":{"loc":{"start":{"line":157,"column":16},"end":{"line":159,"column":136}},"type":"cond-expr","locations":[{"start":{"line":158,"column":20},"end":{"line":158,"column":108}},{"start":{"line":159,"column":20},"end":{"line":159,"column":136}}],"line":157},"6":{"loc":{"start":{"line":162,"column":15},"end":{"line":162,"column":190}},"type":"cond-expr","locations":[{"start":{"line":162,"column":32},"end":{"line":162,"column":62}},{"start":{"line":162,"column":65},"end":{"line":162,"column":190}}],"line":162},"7":{"loc":{"start":{"line":162,"column":65},"end":{"line":162,"column":190}},"type":"cond-expr","locations":[{"start":{"line":162,"column":90},"end":{"line":162,"column":127}},{"start":{"line":162,"column":130},"end":{"line":162,"column":190}}],"line":162},"8":{"loc":{"start":{"line":162,"column":130},"end":{"line":162,"column":190}},"type":"cond-expr","locations":[{"start":{"line":162,"column":150},"end":{"line":162,"column":184}},{"start":{"line":162,"column":187},"end":{"line":162,"column":190}}],"line":162},"9":{"loc":{"start":{"line":170,"column":11},"end":{"line":183,"column":11}},"type":"binary-expr","locations":[{"start":{"line":170,"column":11},"end":{"line":170,"column":35}},{"start":{"line":171,"column":12},"end":{"line":182,"column":18}}],"line":170},"10":{"loc":{"start":{"line":185,"column":11},"end":{"line":275,"column":11}},"type":"binary-expr","locations":[{"start":{"line":185,"column":11},"end":{"line":185,"column":31}},{"start":{"line":186,"column":12},"end":{"line":274,"column":18}}],"line":185},"11":{"loc":{"start":{"line":200,"column":19},"end":{"line":204,"column":19}},"type":"binary-expr","locations":[{"start":{"line":200,"column":19},"end":{"line":200,"column":31}},{"start":{"line":201,"column":20},"end":{"line":203,"column":29}}],"line":200},"12":{"loc":{"start":{"line":208,"column":15},"end":{"line":227,"column":15}},"type":"binary-expr","locations":[{"start":{"line":208,"column":15},"end":{"line":208,"column":26}},{"start":{"line":209,"column":16},"end":{"line":226,"column":22}}],"line":208},"13":{"loc":{"start":{"line":210,"column":58},"end":{"line":210,"column":116}},"type":"cond-expr","locations":[{"start":{"line":210,"column":71},"end":{"line":210,"column":89}},{"start":{"line":210,"column":92},"end":{"line":210,"column":116}}],"line":210},"14":{"loc":{"start":{"line":222,"column":202},"end":{"line":222,"column":243}},"type":"cond-expr","locations":[{"start":{"line":222,"column":215},"end":{"line":222,"column":227}},{"start":{"line":222,"column":230},"end":{"line":222,"column":243}}],"line":222},"15":{"loc":{"start":{"line":229,"column":15},"end":{"line":273,"column":15}},"type":"cond-expr","locations":[{"start":{"line":230,"column":16},"end":{"line":230,"column":140}},{"start":{"line":232,"column":16},"end":{"line":272,"column":22}}],"line":229},"16":{"loc":{"start":{"line":229,"column":15},"end":{"line":229,"column":48}},"type":"binary-expr","locations":[{"start":{"line":229,"column":15},"end":{"line":229,"column":32}},{"start":{"line":229,"column":36},"end":{"line":229,"column":48}}],"line":229},"17":{"loc":{"start":{"line":234,"column":20},"end":{"line":236,"column":85}},"type":"binary-expr","locations":[{"start":{"line":234,"column":20},"end":{"line":234,"column":78}},{"start":{"line":235,"column":20},"end":{"line":235,"column":82}},{"start":{"line":236,"column":20},"end":{"line":236,"column":85}}],"line":234},"18":{"loc":{"start":{"line":243,"column":125},"end":{"line":243,"column":335}},"type":"cond-expr","locations":[{"start":{"line":243,"column":151},"end":{"line":243,"column":234}},{"start":{"line":243,"column":237},"end":{"line":243,"column":335}}],"line":243},"19":{"loc":{"start":{"line":243,"column":340},"end":{"line":243,"column":383}},"type":"cond-expr","locations":[{"start":{"line":243,"column":366},"end":{"line":243,"column":374}},{"start":{"line":243,"column":377},"end":{"line":243,"column":383}}],"line":243},"20":{"loc":{"start":{"line":249,"column":104},"end":{"line":249,"column":251}},"type":"cond-expr","locations":[{"start":{"line":249,"column":130},"end":{"line":249,"column":204}},{"start":{"line":249,"column":207},"end":{"line":249,"column":251}}],"line":249},"21":{"loc":{"start":{"line":250,"column":53},"end":{"line":250,"column":107}},"type":"cond-expr","locations":[{"start":{"line":250,"column":81},"end":{"line":250,"column":92}},{"start":{"line":250,"column":95},"end":{"line":250,"column":107}}],"line":250},"22":{"loc":{"start":{"line":255,"column":27},"end":{"line":262,"column":27}},"type":"binary-expr","locations":[{"start":{"line":255,"column":27},"end":{"line":255,"column":50}},{"start":{"line":256,"column":28},"end":{"line":261,"column":37}}],"line":255},"23":{"loc":{"start":{"line":263,"column":152},"end":{"line":263,"column":423}},"type":"cond-expr","locations":[{"start":{"line":263,"column":178},"end":{"line":263,"column":305}},{"start":{"line":263,"column":308},"end":{"line":263,"column":423}}],"line":263},"24":{"loc":{"start":{"line":264,"column":29},"end":{"line":264,"column":81}},"type":"cond-expr","locations":[{"start":{"line":264,"column":55},"end":{"line":264,"column":67}},{"start":{"line":264,"column":70},"end":{"line":264,"column":81}}],"line":264},"25":{"loc":{"start":{"line":277,"column":11},"end":{"line":440,"column":11}},"type":"binary-expr","locations":[{"start":{"line":277,"column":11},"end":{"line":277,"column":39}},{"start":{"line":278,"column":12},"end":{"line":439,"column":18}}],"line":277},"26":{"loc":{"start":{"line":293,"column":16},"end":{"line":438,"column":16}},"type":"cond-expr","locations":[{"start":{"line":294,"column":17},"end":{"line":294,"column":203}},{"start":{"line":296,"column":17},"end":{"line":437,"column":23}}],"line":293},"27":{"loc":{"start":{"line":298,"column":21},"end":{"line":300,"column":82}},"type":"binary-expr","locations":[{"start":{"line":298,"column":21},"end":{"line":298,"column":81}},{"start":{"line":299,"column":21},"end":{"line":299,"column":80}},{"start":{"line":300,"column":21},"end":{"line":300,"column":82}}],"line":298},"28":{"loc":{"start":{"line":310,"column":36},"end":{"line":310,"column":58}},"type":"binary-expr","locations":[{"start":{"line":310,"column":36},"end":{"line":310,"column":52}},{"start":{"line":310,"column":56},"end":{"line":310,"column":58}}],"line":310},"29":{"loc":{"start":{"line":313,"column":44},"end":{"line":313,"column":106}},"type":"cond-expr","locations":[{"start":{"line":313,"column":74},"end":{"line":313,"column":82}},{"start":{"line":313,"column":85},"end":{"line":313,"column":106}}],"line":313},"30":{"loc":{"start":{"line":326,"column":32},"end":{"line":328,"column":141}},"type":"cond-expr","locations":[{"start":{"line":326,"column":60},"end":{"line":326,"column":181}},{"start":{"line":327,"column":32},"end":{"line":328,"column":141}}],"line":326},"31":{"loc":{"start":{"line":327,"column":32},"end":{"line":328,"column":141}},"type":"cond-expr","locations":[{"start":{"line":327,"column":60},"end":{"line":327,"column":163}},{"start":{"line":328,"column":32},"end":{"line":328,"column":141}}],"line":327},"32":{"loc":{"start":{"line":338,"column":53},"end":{"line":338,"column":68}},"type":"binary-expr","locations":[{"start":{"line":338,"column":53},"end":{"line":338,"column":63}},{"start":{"line":338,"column":67},"end":{"line":338,"column":68}}],"line":338},"33":{"loc":{"start":{"line":344,"column":39},"end":{"line":344,"column":88}},"type":"cond-expr","locations":[{"start":{"line":344,"column":52},"end":{"line":344,"column":83}},{"start":{"line":344,"column":86},"end":{"line":344,"column":88}}],"line":344},"34":{"loc":{"start":{"line":345,"column":41},"end":{"line":349,"column":133}},"type":"cond-expr","locations":[{"start":{"line":346,"column":43},"end":{"line":346,"column":80}},{"start":{"line":347,"column":43},"end":{"line":349,"column":133}}],"line":345},"35":{"loc":{"start":{"line":345,"column":42},"end":{"line":345,"column":64}},"type":"binary-expr","locations":[{"start":{"line":345,"column":42},"end":{"line":345,"column":59}},{"start":{"line":345,"column":63},"end":{"line":345,"column":64}}],"line":345},"36":{"loc":{"start":{"line":347,"column":43},"end":{"line":349,"column":133}},"type":"cond-expr","locations":[{"start":{"line":348,"column":45},"end":{"line":348,"column":84}},{"start":{"line":349,"column":45},"end":{"line":349,"column":133}}],"line":347},"37":{"loc":{"start":{"line":347,"column":44},"end":{"line":347,"column":66}},"type":"binary-expr","locations":[{"start":{"line":347,"column":44},"end":{"line":347,"column":61}},{"start":{"line":347,"column":65},"end":{"line":347,"column":66}}],"line":347},"38":{"loc":{"start":{"line":356,"column":94},"end":{"line":356,"column":109}},"type":"binary-expr","locations":[{"start":{"line":356,"column":94},"end":{"line":356,"column":104}},{"start":{"line":356,"column":108},"end":{"line":356,"column":109}}],"line":356},"39":{"loc":{"start":{"line":367,"column":32},"end":{"line":369,"column":101}},"type":"cond-expr","locations":[{"start":{"line":367,"column":54},"end":{"line":367,"column":135}},{"start":{"line":368,"column":32},"end":{"line":369,"column":101}}],"line":367},"40":{"loc":{"start":{"line":368,"column":32},"end":{"line":369,"column":101}},"type":"cond-expr","locations":[{"start":{"line":368,"column":54},"end":{"line":368,"column":127}},{"start":{"line":369,"column":32},"end":{"line":369,"column":101}}],"line":368},"41":{"loc":{"start":{"line":373,"column":34},"end":{"line":375,"column":68}},"type":"cond-expr","locations":[{"start":{"line":373,"column":56},"end":{"line":373,"column":96}},{"start":{"line":374,"column":34},"end":{"line":375,"column":68}}],"line":373},"42":{"loc":{"start":{"line":374,"column":34},"end":{"line":375,"column":68}},"type":"cond-expr","locations":[{"start":{"line":374,"column":56},"end":{"line":374,"column":92}},{"start":{"line":375,"column":34},"end":{"line":375,"column":68}}],"line":374},"43":{"loc":{"start":{"line":380,"column":32},"end":{"line":382,"column":66}},"type":"cond-expr","locations":[{"start":{"line":380,"column":54},"end":{"line":380,"column":94}},{"start":{"line":381,"column":32},"end":{"line":382,"column":66}}],"line":380},"44":{"loc":{"start":{"line":381,"column":32},"end":{"line":382,"column":66}},"type":"cond-expr","locations":[{"start":{"line":381,"column":54},"end":{"line":381,"column":90}},{"start":{"line":382,"column":32},"end":{"line":382,"column":66}}],"line":381},"45":{"loc":{"start":{"line":383,"column":35},"end":{"line":383,"column":55}},"type":"binary-expr","locations":[{"start":{"line":383,"column":35},"end":{"line":383,"column":48}},{"start":{"line":383,"column":52},"end":{"line":383,"column":55}}],"line":383},"46":{"loc":{"start":{"line":386,"column":29},"end":{"line":397,"column":29}},"type":"binary-expr","locations":[{"start":{"line":386,"column":29},"end":{"line":386,"column":48}},{"start":{"line":387,"column":30},"end":{"line":396,"column":36}}],"line":386},"47":{"loc":{"start":{"line":399,"column":29},"end":{"line":410,"column":29}},"type":"binary-expr","locations":[{"start":{"line":399,"column":29},"end":{"line":399,"column":48}},{"start":{"line":400,"column":30},"end":{"line":409,"column":36}}],"line":399},"48":{"loc":{"start":{"line":412,"column":29},"end":{"line":426,"column":29}},"type":"binary-expr","locations":[{"start":{"line":412,"column":29},"end":{"line":412,"column":44}},{"start":{"line":413,"column":30},"end":{"line":425,"column":36}}],"line":412},"49":{"loc":{"start":{"line":428,"column":26},"end":{"line":433,"column":26}},"type":"binary-expr","locations":[{"start":{"line":428,"column":26},"end":{"line":428,"column":50}},{"start":{"line":429,"column":27},"end":{"line":432,"column":33}}],"line":428},"50":{"loc":{"start":{"line":430,"column":257},"end":{"line":430,"column":306}},"type":"cond-expr","locations":[{"start":{"line":430,"column":270},"end":{"line":430,"column":301}},{"start":{"line":430,"column":304},"end":{"line":430,"column":306}}],"line":430},"51":{"loc":{"start":{"line":431,"column":313},"end":{"line":431,"column":362}},"type":"cond-expr","locations":[{"start":{"line":431,"column":326},"end":{"line":431,"column":357}},{"start":{"line":431,"column":360},"end":{"line":431,"column":362}}],"line":431},"52":{"loc":{"start":{"line":442,"column":11},"end":{"line":522,"column":11}},"type":"binary-expr","locations":[{"start":{"line":442,"column":11},"end":{"line":442,"column":34}},{"start":{"line":443,"column":12},"end":{"line":521,"column":18}}],"line":442},"53":{"loc":{"start":{"line":446,"column":15},"end":{"line":520,"column":15}},"type":"cond-expr","locations":[{"start":{"line":447,"column":16},"end":{"line":455,"column":22}},{"start":{"line":457,"column":16},"end":{"line":519,"column":22}}],"line":446},"54":{"loc":{"start":{"line":459,"column":20},"end":{"line":461,"column":81}},"type":"binary-expr","locations":[{"start":{"line":459,"column":20},"end":{"line":459,"column":80}},{"start":{"line":460,"column":20},"end":{"line":460,"column":79}},{"start":{"line":461,"column":20},"end":{"line":461,"column":81}}],"line":459},"55":{"loc":{"start":{"line":467,"column":29},"end":{"line":471,"column":29}},"type":"cond-expr","locations":[{"start":{"line":468,"column":30},"end":{"line":468,"column":154}},{"start":{"line":470,"column":30},"end":{"line":470,"column":79}}],"line":467},"56":{"loc":{"start":{"line":470,"column":30},"end":{"line":470,"column":79}},"type":"cond-expr","locations":[{"start":{"line":470,"column":41},"end":{"line":470,"column":73}},{"start":{"line":470,"column":76},"end":{"line":470,"column":79}}],"line":470},"57":{"loc":{"start":{"line":474,"column":93},"end":{"line":474,"column":119}},"type":"binary-expr","locations":[{"start":{"line":474,"column":93},"end":{"line":474,"column":101}},{"start":{"line":474,"column":105},"end":{"line":474,"column":119}}],"line":474},"58":{"loc":{"start":{"line":475,"column":77},"end":{"line":475,"column":100}},"type":"binary-expr","locations":[{"start":{"line":475,"column":77},"end":{"line":475,"column":86}},{"start":{"line":475,"column":90},"end":{"line":475,"column":100}}],"line":475},"59":{"loc":{"start":{"line":478,"column":46},"end":{"line":478,"column":75}},"type":"binary-expr","locations":[{"start":{"line":478,"column":46},"end":{"line":478,"column":58}},{"start":{"line":478,"column":62},"end":{"line":478,"column":75}}],"line":478},"60":{"loc":{"start":{"line":481,"column":32},"end":{"line":483,"column":106}},"type":"cond-expr","locations":[{"start":{"line":481,"column":60},"end":{"line":481,"column":130}},{"start":{"line":482,"column":32},"end":{"line":483,"column":106}}],"line":481},"61":{"loc":{"start":{"line":482,"column":32},"end":{"line":483,"column":106}},"type":"cond-expr","locations":[{"start":{"line":482,"column":60},"end":{"line":482,"column":122}},{"start":{"line":483,"column":32},"end":{"line":483,"column":106}}],"line":482},"62":{"loc":{"start":{"line":485,"column":41},"end":{"line":485,"column":64}},"type":"binary-expr","locations":[{"start":{"line":485,"column":41},"end":{"line":485,"column":51}},{"start":{"line":485,"column":55},"end":{"line":485,"column":64}}],"line":485},"63":{"loc":{"start":{"line":495,"column":30},"end":{"line":497,"column":64}},"type":"cond-expr","locations":[{"start":{"line":495,"column":52},"end":{"line":495,"column":92}},{"start":{"line":496,"column":30},"end":{"line":497,"column":64}}],"line":495},"64":{"loc":{"start":{"line":496,"column":30},"end":{"line":497,"column":64}},"type":"cond-expr","locations":[{"start":{"line":496,"column":52},"end":{"line":496,"column":88}},{"start":{"line":497,"column":30},"end":{"line":497,"column":64}}],"line":496},"65":{"loc":{"start":{"line":498,"column":33},"end":{"line":498,"column":53}},"type":"binary-expr","locations":[{"start":{"line":498,"column":33},"end":{"line":498,"column":46}},{"start":{"line":498,"column":50},"end":{"line":498,"column":53}}],"line":498},"66":{"loc":{"start":{"line":528,"column":7},"end":{"line":619,"column":7}},"type":"binary-expr","locations":[{"start":{"line":528,"column":7},"end":{"line":528,"column":24}},{"start":{"line":529,"column":8},"end":{"line":618,"column":14}}],"line":528},"67":{"loc":{"start":{"line":541,"column":19},"end":{"line":545,"column":19}},"type":"cond-expr","locations":[{"start":{"line":542,"column":20},"end":{"line":542,"column":158}},{"start":{"line":544,"column":20},"end":{"line":544,"column":72}}],"line":541},"68":{"loc":{"start":{"line":552,"column":21},"end":{"line":552,"column":68}},"type":"binary-expr","locations":[{"start":{"line":552,"column":21},"end":{"line":552,"column":47}},{"start":{"line":552,"column":51},"end":{"line":552,"column":68}}],"line":552},"69":{"loc":{"start":{"line":561,"column":21},"end":{"line":561,"column":81}},"type":"binary-expr","locations":[{"start":{"line":561,"column":21},"end":{"line":561,"column":42}},{"start":{"line":561,"column":46},"end":{"line":561,"column":81}}],"line":561},"70":{"loc":{"start":{"line":568,"column":21},"end":{"line":572,"column":89}},"type":"cond-expr","locations":[{"start":{"line":568,"column":48},"end":{"line":572,"column":22}},{"start":{"line":572,"column":25},"end":{"line":572,"column":89}}],"line":568},"71":{"loc":{"start":{"line":579,"column":21},"end":{"line":595,"column":90}},"type":"cond-expr","locations":[{"start":{"line":579,"column":73},"end":{"line":595,"column":22}},{"start":{"line":595,"column":25},"end":{"line":595,"column":90}}],"line":579},"72":{"loc":{"start":{"line":579,"column":22},"end":{"line":579,"column":58}},"type":"binary-expr","locations":[{"start":{"line":579,"column":22},"end":{"line":579,"column":52}},{"start":{"line":579,"column":56},"end":{"line":579,"column":58}}],"line":579},"73":{"loc":{"start":{"line":582,"column":30},"end":{"line":582,"column":92}},"type":"cond-expr","locations":[{"start":{"line":582,"column":60},"end":{"line":582,"column":68}},{"start":{"line":582,"column":71},"end":{"line":582,"column":92}}],"line":582},"74":{"loc":{"start":{"line":604,"column":86},"end":{"line":604,"column":132}},"type":"binary-expr","locations":[{"start":{"line":604,"column":86},"end":{"line":604,"column":109}},{"start":{"line":604,"column":113},"end":{"line":604,"column":132}}],"line":604},"75":{"loc":{"start":{"line":607,"column":26},"end":{"line":607,"column":140}},"type":"cond-expr","locat
[...]
rt":{"line":237,"column":6},"end":{"line":237,"column":152}},{"start":{"line":238,"column":6},"end":{"line":238,"column":134}},{"start":{"line":239,"column":6},"end":{"line":239,"column":102}}],"line":235},"18":{"loc":{"start":{"line":254,"column":122},"end":{"line":254,"column":142}},"type":"binary-expr","locations":[{"start":{"line":254,"column":122},"end":{"line":254,"column":132}},{"start":{"line":254,"column":136},"end":{"line":254,"column":142}}],"line":254},"19":{"loc":{"start":{"line":274,"column":146},"end":{"line":276,"column":152}},"type":"cond-expr","locations":[{"start":{"line":275,"column":20},"end":{"line":275,"column":106}},{"start":{"line":276,"column":20},"end":{"line":276,"column":152}}],"line":274},"20":{"loc":{"start":{"line":287,"column":11},"end":{"line":310,"column":11}},"type":"binary-expr","locations":[{"start":{"line":287,"column":11},"end":{"line":287,"column":35}},{"start":{"line":288,"column":12},"end":{"line":309,"column":18}}],"line":287},"21":{"loc":{"start":{"line":312,"column":11},"end":{"line":408,"column":11}},"type":"binary-expr","locations":[{"start":{"line":312,"column":11},"end":{"line":312,"column":39}},{"start":{"line":313,"column":12},"end":{"line":407,"column":18}}],"line":312},"22":{"loc":{"start":{"line":319,"column":15},"end":{"line":406,"column":15}},"type":"cond-expr","locations":[{"start":{"line":320,"column":16},"end":{"line":323,"column":22}},{"start":{"line":325,"column":16},"end":{"line":405,"column":22}}],"line":319},"23":{"loc":{"start":{"line":341,"column":52},"end":{"line":341,"column":67}},"type":"binary-expr","locations":[{"start":{"line":341,"column":52},"end":{"line":341,"column":62}},{"start":{"line":341,"column":66},"end":{"line":341,"column":67}}],"line":341},"24":{"loc":{"start":{"line":344,"column":150},"end":{"line":348,"column":132}},"type":"cond-expr","locations":[{"start":{"line":345,"column":42},"end":{"line":345,"column":69}},{"start":{"line":346,"column":42},"end":{"line":348,"column":132}}],"line":344},"25":{"loc":{"start":{"line":344,"column":151},"end":{"line":344,"column":173}},"type":"binary-expr","locations":[{"start":{"line":344,"column":151},"end":{"line":344,"column":168}},{"start":{"line":344,"column":172},"end":{"line":344,"column":173}}],"line":344},"26":{"loc":{"start":{"line":346,"column":42},"end":{"line":348,"column":132}},"type":"cond-expr","locations":[{"start":{"line":347,"column":44},"end":{"line":347,"column":108}},{"start":{"line":348,"column":44},"end":{"line":348,"column":132}}],"line":346},"27":{"loc":{"start":{"line":346,"column":43},"end":{"line":346,"column":65}},"type":"binary-expr","locations":[{"start":{"line":346,"column":43},"end":{"line":346,"column":60}},{"start":{"line":346,"column":64},"end":{"line":346,"column":65}}],"line":346},"28":{"loc":{"start":{"line":355,"column":35},"end":{"line":355,"column":147}},"type":"cond-expr","locations":[{"start":{"line":355,"column":76},"end":{"line":355,"column":89}},{"start":{"line":355,"column":92},"end":{"line":355,"column":147}}],"line":355},"29":{"loc":{"start":{"line":355,"column":36},"end":{"line":355,"column":58}},"type":"binary-expr","locations":[{"start":{"line":355,"column":36},"end":{"line":355,"column":53}},{"start":{"line":355,"column":57},"end":{"line":355,"column":58}}],"line":355},"30":{"loc":{"start":{"line":355,"column":101},"end":{"line":355,"column":123}},"type":"binary-expr","locations":[{"start":{"line":355,"column":101},"end":{"line":355,"column":118}},{"start":{"line":355,"column":122},"end":{"line":355,"column":123}}],"line":355},"31":{"loc":{"start":{"line":355,"column":130},"end":{"line":355,"column":145}},"type":"binary-expr","locations":[{"start":{"line":355,"column":130},"end":{"line":355,"column":140}},{"start":{"line":355,"column":144},"end":{"line":355,"column":145}}],"line":355},"32":{"loc":{"start":{"line":361,"column":27},"end":{"line":395,"column":27}},"type":"binary-expr","locations":[{"start":{"line":361,"column":27},"end":{"line":361,"column":40}},{"start":{"line":362,"column":28},"end":{"line":394,"column":34}}],"line":361},"33":{"loc":{"start":{"line":371,"column":31},"end":{"line":380,"column":31}},"type":"binary-expr","locations":[{"start":{"line":371,"column":31},"end":{"line":371,"column":50}},{"start":{"line":372,"column":32},"end":{"line":379,"column":38}}],"line":371},"34":{"loc":{"start":{"line":382,"column":31},"end":{"line":393,"column":31}},"type":"binary-expr","locations":[{"start":{"line":382,"column":31},"end":{"line":382,"column":50}},{"start":{"line":383,"column":32},"end":{"line":392,"column":38}}],"line":382},"35":{"loc":{"start":{"line":410,"column":11},"end":{"line":558,"column":11}},"type":"binary-expr","locations":[{"start":{"line":410,"column":11},"end":{"line":410,"column":34}},{"start":{"line":411,"column":12},"end":{"line":557,"column":18}}],"line":410},"36":{"loc":{"start":{"line":417,"column":17},"end":{"line":422,"column":17}},"type":"binary-expr","locations":[{"start":{"line":417,"column":17},"end":{"line":417,"column":32}},{"start":{"line":418,"column":18},"end":{"line":421,"column":27}}],"line":417},"37":{"loc":{"start":{"line":425,"column":15},"end":{"line":556,"column":15}},"type":"cond-expr","locations":[{"start":{"line":426,"column":16},"end":{"line":502,"column":23}},{"start":{"line":504,"column":16},"end":{"line":555,"column":22}}],"line":425},"38":{"loc":{"start":{"line":454,"column":91},"end":{"line":454,"column":121}},"type":"binary-expr","locations":[{"start":{"line":454,"column":91},"end":{"line":454,"column":115}},{"start":{"line":454,"column":119},"end":{"line":454,"column":121}}],"line":454},"39":{"loc":{"start":{"line":462,"column":24},"end":{"line":462,"column":54}},"type":"binary-expr","locations":[{"start":{"line":462,"column":24},"end":{"line":462,"column":48}},{"start":{"line":462,"column":52},"end":{"line":462,"column":54}}],"line":462},"40":{"loc":{"start":{"line":508,"column":90},"end":{"line":508,"column":107}},"type":"binary-expr","locations":[{"start":{"line":508,"column":90},"end":{"line":508,"column":100}},{"start":{"line":508,"column":104},"end":{"line":508,"column":107}}],"line":508},"41":{"loc":{"start":{"line":516,"column":90},"end":{"line":516,"column":111}},"type":"binary-expr","locations":[{"start":{"line":516,"column":90},"end":{"line":516,"column":104}},{"start":{"line":516,"column":108},"end":{"line":516,"column":111}}],"line":516},"42":{"loc":{"start":{"line":522,"column":177},"end":{"line":522,"column":209}},"type":"binary-expr","locations":[{"start":{"line":522,"column":177},"end":{"line":522,"column":186}},{"start":{"line":522,"column":190},"end":{"line":522,"column":209}}],"line":522},"43":{"loc":{"start":{"line":527,"column":25},"end":{"line":529,"column":85}},"type":"cond-expr","locations":[{"start":{"line":527,"column":40},"end":{"line":529,"column":26}},{"start":{"line":529,"column":29},"end":{"line":529,"column":85}}],"line":527},"44":{"loc":{"start":{"line":535,"column":25},"end":{"line":551,"column":92}},"type":"cond-expr","locations":[{"start":{"line":535,"column":65},"end":{"line":551,"column":26}},{"start":{"line":551,"column":29},"end":{"line":551,"column":92}}],"line":535},"45":{"loc":{"start":{"line":535,"column":26},"end":{"line":535,"column":50}},"type":"binary-expr","locations":[{"start":{"line":535,"column":26},"end":{"line":535,"column":44}},{"start":{"line":535,"column":48},"end":{"line":535,"column":50}}],"line":535},"46":{"loc":{"start":{"line":538,"column":34},"end":{"line":538,"column":96}},"type":"cond-expr","locations":[{"start":{"line":538,"column":64},"end":{"line":538,"column":72}},{"start":{"line":538,"column":75},"end":{"line":538,"column":96}}],"line":538},"47":{"loc":{"start":{"line":560,"column":11},"end":{"line":632,"column":11}},"type":"binary-expr","locations":[{"start":{"line":560,"column":11},"end":{"line":560,"column":32}},{"start":{"line":561,"column":12},"end":{"line":631,"column":18}}],"line":560},"48":{"loc":{"start":{"line":572,"column":15},"end":{"line":630,"column":15}},"type":"cond-expr","locations":[{"start":{"line":573,"column":16},"end":{"line":584,"column":22}},{"start":{"line":586,"column":16},"end":{"line":629,"column":22}}],"line":572},"49":{"loc":{"start":{"line":593,"column":29},"end":{"line":595,"column":29}},"type":"binary-expr","locations":[{"start":{"line":593,"column":29},"end":{"line":593,"column":52}},{"start":{"line":594,"column":30},"end":{"line":594,"column":220}}],"line":593},"50":{"loc":{"start":{"line":613,"column":27},"end":{"line":621,"column":27}},"type":"cond-expr","locations":[{"start":{"line":614,"column":28},"end":{"line":616,"column":37}},{"start":{"line":618,"column":28},"end":{"line":620,"column":37}}],"line":613},"51":{"loc":{"start":{"line":634,"column":11},"end":{"line":905,"column":11}},"type":"binary-expr","locations":[{"start":{"line":634,"column":11},"end":{"line":634,"column":35}},{"start":{"line":635,"column":12},"end":{"line":904,"column":18}}],"line":634},"52":{"loc":{"start":{"line":646,"column":102},"end":{"line":646,"column":218}},"type":"cond-expr","locations":[{"start":{"line":646,"column":127},"end":{"line":646,"column":180}},{"start":{"line":646,"column":183},"end":{"line":646,"column":218}}],"line":646},"53":{"loc":{"start":{"line":652,"column":102},"end":{"line":652,"column":224}},"type":"cond-expr","locations":[{"start":{"line":652,"column":133},"end":{"line":652,"column":186}},{"start":{"line":652,"column":189},"end":{"line":652,"column":224}}],"line":652},"54":{"loc":{"start":{"line":659,"column":17},"end":{"line":721,"column":17}},"type":"binary-expr","locations":[{"start":{"line":659,"column":17},"end":{"line":659,"column":37}},{"start":{"line":659,"column":41},"end":{"line":659,"column":72}},{"start":{"line":660,"column":18},"end":{"line":720,"column":25}}],"line":659},"55":{"loc":{"start":{"line":660,"column":34},"end":{"line":660,"column":103}},"type":"cond-expr","locations":[{"start":{"line":660,"column":59},"end":{"line":660,"column":77}},{"start":{"line":660,"column":80},"end":{"line":660,"column":103}}],"line":660},"56":{"loc":{"start":{"line":717,"column":25},"end":{"line":717,"column":126}},"type":"cond-expr","locations":[{"start":{"line":717,"column":38},"end":{"line":717,"column":55}},{"start":{"line":717,"column":58},"end":{"line":717,"column":126}}],"line":717},"57":{"loc":{"start":{"line":717,"column":67},"end":{"line":717,"column":124}},"type":"cond-expr","locations":[{"start":{"line":717,"column":92},"end":{"line":717,"column":102}},{"start":{"line":717,"column":105},"end":{"line":717,"column":124}}],"line":717},"58":{"loc":{"start":{"line":724,"column":17},"end":{"line":796,"column":17}},"type":"binary-expr","locations":[{"start":{"line":724,"column":17},"end":{"line":724,"column":39}},{"start":{"line":724,"column":43},"end":{"line":724,"column":61}},{"start":{"line":725,"column":18},"end":{"line":795,"column":24}}],"line":724},"59":{"loc":{"start":{"line":728,"column":23},"end":{"line":732,"column":23}},"type":"binary-expr","locations":[{"start":{"line":728,"column":23},"end":{"line":728,"column":34}},{"start":{"line":729,"column":24},"end":{"line":731,"column":30}}],"line":728},"60":{"loc":{"start":{"line":746,"column":50},"end":{"line":746,"column":74}},"type":"binary-expr","locations":[{"start":{"line":746,"column":50},"end":{"line":746,"column":61}},{"start":{"line":746,"column":65},"end":{"line":746,"column":74}}],"line":746},"61":{"loc":{"start":{"line":747,"column":49},"end":{"line":747,"column":88}},"type":"binary-expr","locations":[{"start":{"line":747,"column":49},"end":{"line":747,"column":60}},{"start":{"line":747,"column":64},"end":{"line":747,"column":74}},{"start":{"line":747,"column":78},"end":{"line":747,"column":88}}],"line":747},"62":{"loc":{"start":{"line":754,"column":96},"end":{"line":760,"column":163}},"type":"cond-expr","locations":[{"start":{"line":755,"column":40},"end":{"line":755,"column":136}},{"start":{"line":756,"column":40},"end":{"line":760,"column":163}}],"line":754},"63":{"loc":{"start":{"line":756,"column":40},"end":{"line":760,"column":163}},"type":"cond-expr","locations":[{"start":{"line":757,"column":42},"end":{"line":757,"column":123}},{"start":{"line":758,"column":42},"end":{"line":760,"column":163}}],"line":756},"64":{"loc":{"start":{"line":758,"column":42},"end":{"line":760,"column":163}},"type":"cond-expr","locations":[{"start":{"line":759,"column":44},"end":{"line":759,"column":135}},{"start":{"line":760,"column":44},"end":{"line":760,"column":163}}],"line":758},"65":{"loc":{"start":{"line":769,"column":27},"end":{"line":774,"column":27}},"type":"binary-expr","locations":[{"start":{"line":769,"column":27},"end":{"line":769,"column":38}},{"start":{"line":770,"column":28},"end":{"line":773,"column":34}}],"line":769},"66":{"loc":{"start":{"line":779,"column":21},"end":{"line":794,"column":21}},"type":"cond-expr","locations":[{"start":{"line":780,"column":22},"end":{"line":786,"column":31}},{"start":{"line":788,"column":22},"end":{"line":793,"column":31}}],"line":779},"67":{"loc":{"start":{"line":799,"column":17},"end":{"line":843,"column":17}},"type":"binary-expr","locations":[{"start":{"line":799,"column":17},"end":{"line":799,"column":45}},{"start":{"line":799,"column":49},"end":{"line":799,"column":78}},{"start":{"line":799,"column":82},"end":{"line":799,"column":102}},{"start":{"line":800,"column":18},"end":{"line":842,"column":24}}],"line":799},"68":{"loc":{"start":{"line":811,"column":119},"end":{"line":811,"column":158}},"type":"cond-expr","locations":[{"start":{"line":811,"column":133},"end":{"line":811,"column":144}},{"start":{"line":811,"column":147},"end":{"line":811,"column":158}}],"line":811},"69":{"loc":{"start":{"line":815,"column":165},"end":{"line":815,"column":232}},"type":"cond-expr","locations":[{"start":{"line":815,"column":179},"end":{"line":815,"column":203}},{"start":{"line":815,"column":206},"end":{"line":815,"column":232}}],"line":815},"70":{"loc":{"start":{"line":817,"column":25},"end":{"line":825,"column":25}},"type":"cond-expr","locations":[{"start":{"line":818,"column":26},"end":{"line":822,"column":32}},{"start":{"line":824,"column":26},"end":{"line":824,"column":299}}],"line":817},"71":{"loc":{"start":{"line":831,"column":25},"end":{"line":831,"column":95}},"type":"binary-expr","locations":[{"start":{"line":831,"column":25},"end":{"line":831,"column":35}},{"start":{"line":831,"column":39},"end":{"line":831,"column":95}}],"line":831},"72":{"loc":{"start":{"line":836,"column":34},"end":{"line":836,"column":59}},"type":"binary-expr","locations":[{"start":{"line":836,"column":34},"end":{"line":836,"column":45}},{"start":{"line":836,"column":49},"end":{"line":836,"column":59}}],"line":836},"73":{"loc":{"start":{"line":839,"column":25},"end":{"line":839,"column":158}},"type":"cond-expr","locations":[{"start":{"line":839,"column":38},"end":{"line":839,"column":53}},{"start":{"line":839,"column":56},"end":{"line":839,"column":158}}],"line":839},"74":{"loc":{"start":{"line":839,"column":56},"end":{"line":839,"column":158}},"type":"cond-expr","locations":[{"start":{"line":839,"column":113},"end":{"line":839,"column":131}},{"start":{"line":839,"column":134},"end":{"line":839,"column":158}}],"line":839},"75":{"loc":{"start":{"line":846,"column":17},"end":{"line":902,"column":17}},"type":"binary-expr","locations":[{"start":{"line":846,"column":17},"end":{"line":846,"column":36}},{"start":{"line":847,"column":18},"end":{"line":901,"column":24}}],"line":846},"76":{"loc":{"start":{"line":864,"column":98},"end":{"line":864,"column":175}},"type":"cond-expr","locations":[{"start":{"line":864,"column":112},"end":{"line":864,"column":145}},{"start":{"line":864,"column":148},"end":{"line":864,"column":175}}],"line":864}},"s":{"0":0,"1":0,"2":0,"3":0,"4":0,"5":0,"6":0,"7":0,"8":0,"9":0,"10":0,"11":0,"12":0,"13":0,"14":0,"15":0,"16":0,"17":0,"18":0,"19":0,"20":0,"21":0,"22":0,"23":0,"24":0,"25":0,"26":0,"27":0,"28":0,"29":0,"30":0,"31":0,"32":0,"33":0,"34":0,"35":0,"36":0,"37":0,"38":0,"39":0,"40":0,"41":0,"42":0,"43":0,"44":0,"45":0,"46":0,"47":0,"48":0,"49":0,"50":0,"51":0,"52":0,"53":0,"54":0,"55":0,"56":0,"57":0,"58":0,"59":0,"60":0,"61":0,"62":0,"63":0,"64":0,"65":0,"66":0,"67":0,"68":0,"69":0,"70":0,"71":0,"72":0,"73":0,"74":0,"75":0,"76":0,"77":0,"78":0,"79":0,"80":0,"81":0,"82":0,"83":0,"84":0,"85":0,"86":0,"87":0,"88":0,"89":0,"90":0,"91":0,"92":0,"93":0,"94":0,"95":0,"96":0,"97":0,"98":0,"99":0,"100":0,"101":0,"102":0,"103":0,"104":0,"105":0,"106":0,"107":0,"108":0,"109":0,"110":0,"111":0,"112":0,"113":0,"114":0,"115":0,"116":0,"117":0,"118":0,"119":0,"120":0,"121":0,"122":0,"123":0,"124":0,"125":0,"126":0,"127":0,"128":0,"129":0,"130":0,"131":0,"132":0,"133":0,"134":0,"135":0,"136":0,"137":0,"138":0,"139":0,"140":0,"141":0,"142":0,"143":0,"144":0,"145":0,"146":0,"147":0,"148":0,"149":0,"150":0,"151":0,"152":0,"153":0,"154":0,"155":0,"156":0,"157":0,"158":0,"159":0,"160":0,"161":0,"162":0,"163":0,"164":0,"165":0,"166":0,"167":0,"168":0,"169":0,"170":0,"171":0,"172":0,"173":0,"174":0,"175":0,"176":0,"177":0,"178":0,"179":0,"180":0,"181":0,"182":0,"183":0,"184":0,"185":0,"186":0,"187":0,"188":0,"189":0,"190":0,"191":0,"192":0,"193":0,"194":0,"195":0,"196":0,"197":0,"198":0,"199":0,"200":0,"201":0,"202":0,"203":0,"204":0,"205":0,"206":0,"207":0,"208":0,"209":0,"210":0,"211":0,"212":0},"f":{"0":0,"1":0,"2":0,"3":0,"4":0,"5":0,"6":0,"7":0,"8":0,"9":0,"10":0,"11":0,"12":0,"13":0,"14":0,"15":0,"16":0,"17":0,"18":0,"19":0,"20":0,"21":0,"22":0,"23":0,"24":0,"25":0,"26":0,"27":0,"28":0,"29":0,"30":0,"31":0,"32":0,"33":0,"34":0,"35":0,"36":0,"37":0,"38":0,"39":0,"40":0,"41":0,"42":0,"43":0,"44":0,"45":0,"46":0,"47":0,"48":0,"49":0,"50":0,"51":0,"52":0,"53":0,"54":0,"55":0,"56":0,"57":0,"58":0,"59":0,"60":0,"61":0,"62":0,"63":0,"64":0,"65":0,"66":0,"67":0,"68":0,"69":0,"70":0,"71":0,"72":0},"b":{"0":[0,0],"1":[0,0],"2":[0,0],"3":[0,0],"4":[0,0],"5":[0,0],"6":[0,0],"7":[0,0],"8":[0,0],"9":[0,0],"10":[0,0],"11":[0,0],"12":[0,0],"13":[0,0],"14":[0,0],"15":[0,0],"16":[0,0],"17":[0,0,0,0],"18":[0,0],"19":[0,0],"20":[0,0],"21":[0,0],"22":[0,0],"23":[0,0],"24":[0,0],"25":[0,0],"26":[0,0],"27":[0,0],"28":[0,0],"29":[0,0],"30":[0,0],"31":[0,0],"32":[0,0],"33":[0,0],"34":[0,0],"35":[0,0],"36":[0,0],"37":[0,0],"38":[0,0],"39":[0,0],"40":[0,0],"41":[0,0],"42":[0,0],"43":[0,0],"44":[0,0],"45":[0,0],"46":[0,0],"47":[0,0],"48":[0,0],"49":[0,0],"50":[0,0],"51":[0,0],"52":[0,0],"53":[0,0],"54":[0,0,0],"55":[0,0],"56":[0,0],"57":[0,0],"58":[0,0,0],"59":[0,0],"60":[0,0],"61":[0,0,0],"62":[0,0],"63":[0,0],"64":[0,0],"65":[0,0],"66":[0,0],"67":[0,0,0,0],"68":[0,0],"69":[0,0],"70":[0,0],"71":[0,0],"72":[0,0],"73":[0,0],"74":[0,0],"75":[0,0],"76":[0,0]}}
,"C:\\Finalproject\\smart-job-tracker\\frontend\\src\\utils\\api.js": {"path":"C:\\Finalproject\\smart-job-tracker\\frontend\\src\\utils\\api.js","statementMap":{"0":{"start":{"line":3,"column":12},"end":{"line":5,"column":2}},"1":{"start":{"line":8,"column":0},"end":{"line":14,"column":3}},"2":{"start":{"line":9,"column":16},"end":{"line":9,"column":45}},"3":{"start":{"line":10,"column":2},"end":{"line":12,"column":3}},"4":{"start":{"line":11,"column":4},"end":{"line":11,"column":53}},"5":{"start":{"line":13,"column":2},"end":{"line":13,"column":16}}},"fnMap":{"0":{"name":"(anonymous_0)","decl":{"start":{"line":8,"column":29},"end":{"line":8,"column":30}},"loc":{"start":{"line":8,"column":41},"end":{"line":14,"column":1}},"line":8}},"branchMap":{"0":{"loc":{"start":{"line":4,"column":11},"end":{"line":4,"column":70}},"type":"binary-expr","locations":[{"start":{"line":4,"column":11},"end":{"line":4,"column":39}},{"start":{"line":4,"column":43},"end":{"line":4,"column":70}}],"line":4},"1":{"loc":{"start":{"line":10,"column":2},"end":{"line":12,"column":3}},"type":"if","locations":[{"start":{"line":10,"column":2},"end":{"line":12,"column":3}},{"start":{},"end":{}}],"line":10}},"s":{"0":0,"1":0,"2":0,"3":0,"4":0,"5":0},"f":{"0":0},"b":{"0":[0,0],"1":[0,0]}}
}
