TN:
SF:src\App.jsx
FN:14,App
FNF:1
FNH:0
FNDA:0,App
DA:15,0
LF:1
LH:0
BRF:0
BRH:0
end_of_record
TN:
SF:src\components\Button.jsx
FN:3,(anonymous_0)
FNF:1
FNH:1
FNDA:3,(anonymous_0)
DA:3,1
DA:4,3
LF:2
LH:2
BRDA:3,0,0,2
BRDA:3,1,0,3
BRF:2
BRH:2
end_of_record
TN:
SF:src\components\Logo.jsx
FN:11,Logo
FNF:1
FNH:1
FNDA:4,Logo
DA:12,4
DA:19,4
DA:21,4
LF:3
LH:3
BRDA:11,0,0,0
BRDA:11,1,0,0
BRDA:11,2,0,0
BRDA:11,3,0,0
BRDA:19,4,0,4
BRDA:19,4,1,0
BRDA:50,5,0,4
BRDA:50,5,1,0
BRDA:52,6,0,0
BRDA:52,6,1,0
BRF:10
BRH:2
end_of_record
TN:
SF:src\components\Navigation.jsx
FN:4,Navigation
FN:8,(anonymous_1)
FN:14,(anonymous_2)
FN:26,(anonymous_3)
FN:35,(anonymous_4)
FN:45,(anonymous_5)
FN:55,(anonymous_6)
FN:68,(anonymous_7)
FN:93,(anonymous_8)
FNF:9
FNH:0
FNDA:0,Navigation
FNDA:0,(anonymous_1)
FNDA:0,(anonymous_2)
FNDA:0,(anonymous_3)
FNDA:0,(anonymous_4)
FNDA:0,(anonymous_5)
FNDA:0,(anonymous_6)
FNDA:0,(anonymous_7)
FNDA:0,(anonymous_8)
DA:5,0
DA:6,0
DA:8,0
DA:9,0
DA:10,0
DA:11,0
DA:14,0
DA:15,0
DA:16,0
DA:18,0
DA:26,0
DA:35,0
DA:45,0
DA:55,0
DA:68,0
DA:93,0
LF:16
LH:0
BRDA:26,0,0,0
BRDA:26,0,1,0
BRDA:26,1,0,0
BRDA:26,1,1,0
BRDA:37,2,0,0
BRDA:37,2,1,0
BRDA:47,3,0,0
BRDA:47,3,1,0
BRDA:57,4,0,0
BRDA:57,4,1,0
BRDA:65,5,0,0
BRDA:65,5,1,0
BRDA:70,6,0,0
BRDA:70,6,1,0
BRF:14
BRH:0
end_of_record
TN:
SF:src\pages\AIAnalyzer.jsx
FN:5,AIAnalyzer
FN:14,(anonymous_1)
FN:19,(anonymous_2)
FN:75,(anonymous_3)
FN:81,(anonymous_4)
FN:129,(anonymous_5)
FN:143,(anonymous_6)
FN:232,(anonymous_7)
FN:244,(anonymous_8)
FN:256,(anonymous_9)
FN:265,(anonymous_10)
FN:277,(anonymous_11)
FNF:12
FNH:0
FNDA:0,AIAnalyzer
FNDA:0,(anonymous_1)
FNDA:0,(anonymous_2)
FNDA:0,(anonymous_3)
FNDA:0,(anonymous_4)
FNDA:0,(anonymous_5)
FNDA:0,(anonymous_6)
FNDA:0,(anonymous_7)
FNDA:0,(anonymous_8)
FNDA:0,(anonymous_9)
FNDA:0,(anonymous_10)
FNDA:0,(anonymous_11)
DA:6,0
DA:7,0
DA:8,0
DA:9,0
DA:10,0
DA:11,0
DA:12,0
DA:14,0
DA:15,0
DA:16,0
DA:19,0
DA:20,0
DA:21,0
DA:22,0
DA:24,0
DA:25,0
DA:26,0
DA:29,0
DA:30,0
DA:31,0
DA:33,0
DA:34,0
DA:35,0
DA:37,0
DA:39,0
DA:41,0
DA:42,0
DA:43,0
DA:45,0
DA:47,0
DA:51,0
DA:75,0
DA:81,0
DA:129,0
DA:143,0
DA:233,0
DA:245,0
DA:257,0
DA:266,0
DA:277,0
LF:40
LH:0
BRDA:20,0,0,0
BRDA:20,0,1,0
BRDA:20,1,0,0
BRDA:20,1,1,0
BRDA:20,1,2,0
BRDA:20,1,3,0
BRDA:24,2,0,0
BRDA:24,2,1,0
BRDA:34,3,0,0
BRDA:34,3,1,0
BRDA:45,4,0,0
BRDA:45,4,1,0
BRDA:76,5,0,0
BRDA:76,5,1,0
BRDA:82,6,0,0
BRDA:82,6,1,0
BRDA:89,7,0,0
BRDA:89,7,1,0
BRDA:101,8,0,0
BRDA:101,8,1,0
BRDA:106,9,0,0
BRDA:106,9,1,0
BRDA:152,10,0,0
BRDA:152,10,1,0
BRDA:157,11,0,0
BRDA:157,11,1,0
BRDA:168,12,0,0
BRDA:168,12,1,0
BRDA:177,13,0,0
BRDA:177,13,1,0
BRDA:177,14,0,0
BRDA:177,14,1,0
BRDA:185,15,0,0
BRDA:185,15,1,0
BRDA:197,16,0,0
BRDA:197,16,1,0
BRDA:198,17,0,0
BRDA:198,17,1,0
BRF:38
BRH:0
end_of_record
TN:
SF:src\pages\Apply.jsx
FN:6,Apply
FN:14,(anonymous_1)
FN:16,(anonymous_2)
FN:20,(anonymous_3)
FN:23,(anonymous_4)
FN:24,(anonymous_5)
FN:29,(anonymous_6)
FN:32,(anonymous_7)
FN:37,(anonymous_8)
FN:44,(anonymous_9)
FN:54,(anonymous_10)
FN:63,(anonymous_11)
FN:124,(anonymous_12)
FN:149,(anonymous_13)
FN:169,(anonymous_14)
FNF:15
FNH:0
FNDA:0,Apply
FNDA:0,(anonymous_1)
FNDA:0,(anonymous_2)
FNDA:0,(anonymous_3)
FNDA:0,(anonymous_4)
FNDA:0,(anonymous_5)
FNDA:0,(anonymous_6)
FNDA:0,(anonymous_7)
FNDA:0,(anonymous_8)
FNDA:0,(anonymous_9)
FNDA:0,(anonymous_10)
FNDA:0,(anonymous_11)
FNDA:0,(anonymous_12)
FNDA:0,(anonymous_13)
FNDA:0,(anonymous_14)
DA:7,0
DA:8,0
DA:9,0
DA:10,0
DA:11,0
DA:12,0
DA:14,0
DA:16,0
DA:17,0
DA:18,0
DA:20,0
DA:23,0
DA:24,0
DA:25,0
DA:26,0
DA:27,0
DA:29,0
DA:32,0
DA:33,0
DA:34,0
DA:35,0
DA:38,0
DA:39,0
DA:40,0
DA:44,0
DA:45,0
DA:46,0
DA:47,0
DA:48,0
DA:49,0
DA:50,0
DA:54,0
DA:55,0
DA:56,0
DA:57,0
DA:58,0
DA:59,0
DA:63,0
DA:64,0
DA:65,0
DA:66,0
DA:68,0
DA:69,0
DA:70,0
DA:71,0
DA:72,0
DA:73,0
DA:74,0
DA:77,0
DA:84,0
DA:85,0
DA:87,0
DA:88,0
DA:90,0
DA:94,0
DA:124,0
DA:149,0
DA:169,0
LF:58
LH:0
BRDA:17,0,0,0
BRDA:17,0,1,0
BRDA:25,1,0,0
BRDA:25,1,1,0
BRDA:33,2,0,0
BRDA:33,2,1,0
BRDA:47,3,0,0
BRDA:47,3,1,0
BRDA:47,4,0,0
BRDA:47,4,1,0
BRDA:49,5,0,0
BRDA:49,5,1,0
BRDA:58,6,0,0
BRDA:58,6,1,0
BRDA:58,7,0,0
BRDA:58,7,1,0
BRDA:64,8,0,0
BRDA:64,8,1,0
BRDA:73,9,0,0
BRDA:73,9,1,0
BRDA:87,10,0,0
BRDA:87,10,1,0
BRDA:115,11,0,0
BRDA:115,11,1,0
BRDA:128,12,0,0
BRDA:128,12,1,0
BRDA:159,13,0,0
BRDA:159,13,1,0
BRDA:160,14,0,0
BRDA:160,14,1,0
BRDA:160,15,0,0
BRDA:160,15,1,0
BRDA:162,16,0,0
BRDA:162,16,1,0
BRF:34
BRH:0
end_of_record
TN:
SF:src\pages\Dashboard.jsx
FN:5,Dashboard
FN:9,(anonymous_1)
FN:17,(anonymous_2)
FN:30,(anonymous_3)
FN:32,(anonymous_4)
FN:34,(anonymous_5)
FN:37,(anonymous_6)
FNF:7
FNH:0
FNDA:0,Dashboard
FNDA:0,(anonymous_1)
FNDA:0,(anonymous_2)
FNDA:0,(anonymous_3)
FNDA:0,(anonymous_4)
FNDA:0,(anonymous_5)
FNDA:0,(anonymous_6)
DA:6,0
DA:7,0
DA:9,0
DA:10,0
DA:11,0
DA:12,0
DA:13,0
DA:17,0
DA:18,0
DA:21,0
DA:22,0
DA:23,0
DA:24,0
DA:25,0
DA:26,0
DA:28,0
DA:32,0
DA:33,0
DA:35,0
DA:38,0
DA:42,0
DA:43,0
DA:53,0
LF:23
LH:0
BRDA:11,0,0,0
BRDA:11,0,1,0
BRDA:21,1,0,0
BRDA:21,1,1,0
BRDA:23,2,0,0
BRDA:23,2,1,0
BRDA:25,3,0,0
BRDA:25,3,1,0
BRDA:42,4,0,0
BRDA:42,4,1,0
BRF:10
BRH:0
end_of_record
TN:
SF:src\pages\Features.jsx
FN:5,Features
FN:79,(anonymous_1)
FN:94,(anonymous_2)
FN:111,(anonymous_3)
FN:112,(anonymous_4)
FNF:5
FNH:0
FNDA:0,Features
FNDA:0,(anonymous_1)
FNDA:0,(anonymous_2)
FNDA:0,(anonymous_3)
FNDA:0,(anonymous_4)
DA:6,0
DA:8,0
DA:47,0
DA:80,0
DA:95,0
DA:111,0
DA:112,0
LF:7
LH:0
BRF:0
BRH:0
end_of_record
TN:
SF:src\pages\ForgotPassword.jsx
FN:6,ForgotPassword
FN:14,(anonymous_1)
FN:28,(anonymous_2)
FN:68,(anonymous_3)
FN:105,(anonymous_4)
FN:123,(anonymous_5)
FN:144,(anonymous_6)
FNF:7
FNH:0
FNDA:0,ForgotPassword
FNDA:0,(anonymous_1)
FNDA:0,(anonymous_2)
FNDA:0,(anonymous_3)
FNDA:0,(anonymous_4)
FNDA:0,(anonymous_5)
FNDA:0,(anonymous_6)
DA:7,0
DA:8,0
DA:9,0
DA:10,0
DA:11,0
DA:12,0
DA:14,0
DA:15,0
DA:16,0
DA:17,0
DA:18,0
DA:19,0
DA:20,0
DA:22,0
DA:24,0
DA:28,0
DA:29,0
DA:30,0
DA:31,0
DA:32,0
DA:33,0
DA:34,0
DA:36,0
DA:38,0
DA:42,0
DA:68,0
DA:105,0
DA:123,0
DA:144,0
LF:29
LH:0
BRDA:15,0,0,0
BRDA:15,0,1,0
BRDA:19,1,0,0
BRDA:19,1,1,0
BRDA:22,2,0,0
BRDA:22,2,1,0
BRDA:29,3,0,0
BRDA:29,3,1,0
BRDA:29,4,0,0
BRDA:29,4,1,0
BRDA:33,5,0,0
BRDA:33,5,1,0
BRDA:36,6,0,0
BRDA:36,6,1,0
BRDA:55,7,0,0
BRDA:55,7,1,0
BRDA:79,8,0,0
BRDA:79,8,1,0
BRDA:131,9,0,0
BRDA:131,9,1,0
BRDA:131,9,2,0
BRDA:134,10,0,0
BRDA:134,10,1,0
BRF:23
BRH:0
end_of_record
TN:
SF:src\pages\HRDashboard.jsx
FN:6,HRDashboard
FN:27,(anonymous_1)
FN:32,(anonymous_2)
FN:40,(anonymous_3)
FN:48,(anonymous_4)
FN:52,(anonymous_5)
FN:53,(anonymous_6)
FN:54,(anonymous_7)
FN:60,(anonymous_8)
FN:77,(anonymous_9)
FN:83,(anonymous_10)
FN:92,(anonymous_11)
FN:101,(anonymous_12)
FN:114,(anonymous_13)
FN:145,(anonymous_14)
FN:146,(anonymous_15)
FN:152,(anonymous_16)
FN:155,(anonymous_17)
FN:176,(anonymous_18)
FN:195,(anonymous_19)
FN:201,(anonymous_20)
FN:213,(anonymous_21)
FN:214,(anonymous_22)
FN:216,(anonymous_23)
FN:218,(anonymous_24)
FN:219,(anonymous_25)
FN:223,(anonymous_26)
FN:233,(anonymous_27)
FN:237,(anonymous_28)
FN:257,(anonymous_29)
FN:263,(anonymous_30)
FN:266,(anonymous_31)
FN:267,(anonymous_32)
FN:286,(anonymous_33)
FN:297,(anonymous_34)
FN:301,(anonymous_35)
FN:310,(anonymous_36)
FN:338,(anonymous_37)
FN:341,(anonymous_38)
FN:419,(anonymous_39)
FN:430,(anonymous_40)
FN:431,(anonymous_41)
FN:458,(anonymous_42)
FN:462,(anonymous_43)
FN:503,(anonymous_44)
FN:509,(anonymous_45)
FN:533,(anonymous_46)
FN:568,(anonymous_47)
FN:579,(anonymous_48)
FNF:49
FNH:0
FNDA:0,HRDashboard
FNDA:0,(anonymous_1)
FNDA:0,(anonymous_2)
FNDA:0,(anonymous_3)
FNDA:0,(anonymous_4)
FNDA:0,(anonymous_5)
FNDA:0,(anonymous_6)
FNDA:0,(anonymous_7)
FNDA:0,(anonymous_8)
FNDA:0,(anonymous_9)
FNDA:0,(anonymous_10)
FNDA:0,(anonymous_11)
FNDA:0,(anonymous_12)
FNDA:0,(anonymous_13)
FNDA:0,(anonymous_14)
FNDA:0,(anonymous_15)
FNDA:0,(anonymous_16)
FNDA:0,(anonymous_17)
FNDA:0,(anonymous_18)
FNDA:0,(anonymous_19)
FNDA:0,(anonymous_20)
FNDA:0,(anonymous_21)
FNDA:0,(anonymous_22)
FNDA:0,(anonymous_23)
FNDA:0,(anonymous_24)
FNDA:0,(anonymous_25)
FNDA:0,(anonymous_26)
FNDA:0,(anonymous_27)
FNDA:0,(anonymous_28)
FNDA:0,(anonymous_29)
FNDA:0,(anonymous_30)
FNDA:0,(anonymous_31)
FNDA:0,(anonymous_32)
FNDA:0,(anonymous_33)
FNDA:0,(anonymous_34)
FNDA:0,(anonymous_35)
FNDA:0,(anonymous_36)
FNDA:0,(anonymous_37)
FNDA:0,(anonymous_38)
FNDA:0,(anonymous_39)
FNDA:0,(anonymous_40)
FNDA:0,(anonymous_41)
FNDA:0,(anonymous_42)
FNDA:0,(anonymous_43)
FNDA:0,(anonymous_44)
FNDA:0,(anonymous_45)
FNDA:0,(anonymous_46)
FNDA:0,(anonymous_47)
FNDA:0,(anonymous_48)
DA:7,0
DA:8,0
DA:9,0
DA:10,0
DA:11,0
DA:12,0
DA:13,0
DA:14,0
DA:19,0
DA:21,0
DA:24,0
DA:25,0
DA:27,0
DA:28,0
DA:29,0
DA:32,0
DA:33,0
DA:34,0
DA:35,0
DA:36,0
DA:40,0
DA:41,0
DA:42,0
DA:43,0
DA:44,0
DA:48,0
DA:49,0
DA:52,0
DA:53,0
DA:54,0
DA:57,0
DA:60,0
DA:61,0
DA:62,0
DA:63,0
DA:64,0
DA:66,0
DA:68,0
DA:69,0
DA:70,0
DA:71,0
DA:73,0
DA:77,0
DA:78,0
DA:79,0
DA:80,0
DA:83,0
DA:84,0
DA:85,0
DA:86,0
DA:87,0
DA:92,0
DA:93,0
DA:94,0
DA:95,0
DA:97,0
DA:101,0
DA:102,0
DA:103,0
DA:104,0
DA:105,0
DA:106,0
DA:108,0
DA:110,0
DA:114,0
DA:115,0
DA:116,0
DA:117,0
DA:118,0
DA:119,0
DA:121,0
DA:123,0
DA:127,0
DA:145,0
DA:146,0
DA:153,0
DA:155,0
DA:177,0
DA:195,0
DA:201,0
DA:213,0
DA:214,0
DA:216,0
DA:218,0
DA:219,0
DA:223,0
DA:234,0
DA:238,0
DA:257,0
DA:263,0
DA:266,0
DA:267,0
DA:286,0
DA:298,0
DA:302,0
DA:311,0
DA:339,0
DA:341,0
DA:419,0
DA:430,0
DA:431,0
DA:459,0
DA:463,0
DA:503,0
DA:509,0
DA:533,0
DA:569,0
DA:580,0
LF:108
LH:0
BRDA:63,0,0,0
BRDA:63,0,1,0
BRDA:84,1,0,0
BRDA:84,1,1,0
BRDA:102,2,0,0
BRDA:102,2,1,0
BRDA:108,3,0,0
BRDA:108,3,1,0
BRDA:115,4,0,0
BRDA:115,4,1,0
BRDA:157,5,0,0
BRDA:157,5,1,0
BRDA:162,6,0,0
BRDA:162,6,1,0
BRDA:162,7,0,0
BRDA:162,7,1,0
BRDA:162,8,0,0
BRDA:162,8,1,0
BRDA:170,9,0,0
BRDA:170,9,1,0
BRDA:185,10,0,0
BRDA:185,10,1,0
BRDA:200,11,0,0
BRDA:200,11,1,0
BRDA:208,12,0,0
BRDA:208,12,1,0
BRDA:210,13,0,0
BRDA:210,13,1,0
BRDA:222,14,0,0
BRDA:222,14,1,0
BRDA:229,15,0,0
BRDA:229,15,1,0
BRDA:229,16,0,0
BRDA:229,16,1,0
BRDA:234,17,0,0
BRDA:234,17,1,0
BRDA:234,17,2,0
BRDA:243,18,0,0
BRDA:243,18,1,0
BRDA:243,19,0,0
BRDA:243,19,1,0
BRDA:249,20,0,0
BRDA:249,20,1,0
BRDA:250,21,0,0
BRDA:250,21,1,0
BRDA:255,22,0,0
BRDA:255,22,1,0
BRDA:263,23,0,0
BRDA:263,23,1,0
BRDA:264,24,0,0
BRDA:264,24,1,0
BRDA:277,25,0,0
BRDA:277,25,1,0
BRDA:293,26,0,0
BRDA:293,26,1,0
BRDA:298,27,0,0
BRDA:298,27,1,0
BRDA:298,27,2,0
BRDA:310,28,0,0
BRDA:310,28,1,0
BRDA:313,29,0,0
BRDA:313,29,1,0
BRDA:326,30,0,0
BRDA:326,30,1,0
BRDA:327,31,0,0
BRDA:327,31,1,0
BRDA:338,32,0,0
BRDA:338,32,1,0
BRDA:344,33,0,0
BRDA:344,33,1,0
BRDA:345,34,0,0
BRDA:345,34,1,0
BRDA:345,35,0,0
BRDA:345,35,1,0
BRDA:347,36,0,0
BRDA:347,36,1,0
BRDA:347,37,0,0
BRDA:347,37,1,0
BRDA:356,38,0,0
BRDA:356,38,1,0
BRDA:367,39,0,0
BRDA:367,39,1,0
BRDA:368,40,0,0
BRDA:368,40,1,0
BRDA:373,41,0,0
BRDA:373,41,1,0
BRDA:374,42,0,0
BRDA:374,42,1,0
BRDA:380,43,0,0
BRDA:380,43,1,0
BRDA:381,44,0,0
BRDA:381,44,1,0
BRDA:383,45,0,0
BRDA:383,45,1,0
BRDA:386,46,0,0
BRDA:386,46,1,0
BRDA:399,47,0,0
BRDA:399,47,1,0
BRDA:412,48,0,0
BRDA:412,48,1,0
BRDA:428,49,0,0
BRDA:428,49,1,0
BRDA:430,50,0,0
BRDA:430,50,1,0
BRDA:431,51,0,0
BRDA:431,51,1,0
BRDA:442,52,0,0
BRDA:442,52,1,0
BRDA:446,53,0,0
BRDA:446,53,1,0
BRDA:459,54,0,0
BRDA:459,54,1,0
BRDA:459,54,2,0
BRDA:467,55,0,0
BRDA:467,55,1,0
BRDA:470,56,0,0
BRDA:470,56,1,0
BRDA:474,57,0,0
BRDA:474,57,1,0
BRDA:475,58,0,0
BRDA:475,58,1,0
BRDA:478,59,0,0
BRDA:478,59,1,0
BRDA:481,60,0,0
BRDA:481,60,1,0
BRDA:482,61,0,0
BRDA:482,61,1,0
BRDA:485,62,0,0
BRDA:485,62,1,0
BRDA:495,63,0,0
BRDA:495,63,1,0
BRDA:496,64,0,0
BRDA:496,64,1,0
BRDA:498,65,0,0
BRDA:498,65,1,0
BRDA:528,66,0,0
BRDA:528,66,1,0
BRDA:541,67,0,0
BRDA:541,67,1,0
BRDA:552,68,0,0
BRDA:552,68,1,0
BRDA:561,69,0,0
BRDA:561,69,1,0
BRDA:568,70,0,0
BRDA:568,70,1,0
BRDA:579,71,0,0
BRDA:579,71,1,0
BRDA:579,72,0,0
BRDA:579,72,1,0
BRDA:582,73,0,0
BRDA:582,73,1,0
BRDA:604,74,0,0
BRDA:604,74,1,0
BRDA:607,75,0,0
BRDA:607,75,1,0
BRF:155
BRH:0
end_of_record
TN:
SF:src\pages\Jobs.jsx
FN:6,Jobs
FN:17,(anonymous_1)
FN:23,(anonymous_2)
FN:33,(anonymous_3)
FN:37,(anonymous_4)
FN:49,(anonymous_5)
FN:54,(anonymous_6)
FN:60,(anonymous_7)
FN:61,(anonymous_8)
FN:66,(anonymous_9)
FN:68,(anonymous_10)
FN:73,(anonymous_11)
FN:80,(anonymous_12)
FN:86,(anonymous_13)
FN:116,(anonymous_14)
FN:124,(anonymous_15)
FN:132,(anonymous_16)
FN:136,(anonymous_17)
FN:174,(anonymous_18)
FN:229,(anonymous_19)
FN:235,(anonymous_20)
FNF:21
FNH:0
FNDA:0,Jobs
FNDA:0,(anonymous_1)
FNDA:0,(anonymous_2)
FNDA:0,(anonymous_3)
FNDA:0,(anonymous_4)
FNDA:0,(anonymous_5)
FNDA:0,(anonymous_6)
FNDA:0,(anonymous_7)
FNDA:0,(anonymous_8)
FNDA:0,(anonymous_9)
FNDA:0,(anonymous_10)
FNDA:0,(anonymous_11)
FNDA:0,(anonymous_12)
FNDA:0,(anonymous_13)
FNDA:0,(anonymous_14)
FNDA:0,(anonymous_15)
FNDA:0,(anonymous_16)
FNDA:0,(anonymous_17)
FNDA:0,(anonymous_18)
FNDA:0,(anonymous_19)
FNDA:0,(anonymous_20)
DA:7,0
DA:8,0
DA:9,0
DA:10,0
DA:11,0
DA:12,0
DA:13,0
DA:14,0
DA:15,0
DA:17,0
DA:18,0
DA:19,0
DA:20,0
DA:23,0
DA:24,0
DA:25,0
DA:26,0
DA:27,0
DA:29,0
DA:33,0
DA:34,0
DA:37,0
DA:38,0
DA:39,0
DA:40,0
DA:41,0
DA:43,0
DA:45,0
DA:49,0
DA:50,0
DA:51,0
DA:54,0
DA:55,0
DA:56,0
DA:57,0
DA:60,0
DA:61,0
DA:62,0
DA:63,0
DA:66,0
DA:68,0
DA:69,0
DA:71,0
DA:72,0
DA:74,0
DA:79,0
DA:80,0
DA:81,0
DA:85,0
DA:86,0
DA:87,0
DA:91,0
DA:94,0
DA:116,0
DA:124,0
DA:132,0
DA:137,0
DA:138,0
DA:139,0
DA:175,0
DA:229,0
DA:235,0
LF:62
LH:0
BRDA:50,0,0,0
BRDA:50,0,1,0
BRDA:71,1,0,0
BRDA:71,1,1,0
BRDA:74,2,0,0
BRDA:74,2,1,0
BRDA:79,3,0,0
BRDA:79,3,1,0
BRDA:85,4,0,0
BRDA:85,4,1,0
BRDA:158,5,0,0
BRDA:158,5,1,0
BRDA:162,6,0,0
BRDA:162,6,1,0
BRDA:226,7,0,0
BRDA:226,7,1,0
BRDA:235,8,0,0
BRDA:235,8,1,0
BRDA:237,9,0,0
BRDA:237,9,1,0
BRDA:242,10,0,0
BRDA:242,10,1,0
BRDA:245,11,0,0
BRDA:245,11,1,0
BRDA:249,12,0,0
BRDA:249,12,1,0
BRDA:249,12,2,0
BRF:27
BRH:0
end_of_record
TN:
SF:src\pages\Login.jsx
FN:6,Login
FN:11,(anonymous_1)
FN:13,(anonymous_2)
FNF:3
FNH:0
FNDA:0,Login
FNDA:0,(anonymous_1)
FNDA:0,(anonymous_2)
DA:7,0
DA:8,0
DA:9,0
DA:11,0
DA:13,0
DA:14,0
DA:15,0
DA:16,0
DA:17,0
DA:18,0
DA:19,0
DA:21,0
DA:22,0
DA:24,0
DA:27,0
DA:29,0
DA:33,0
LF:17
LH:0
BRDA:21,0,0,0
BRDA:21,0,1,0
BRDA:27,1,0,0
BRDA:27,1,1,0
BRDA:89,2,0,0
BRDA:89,2,1,0
BRF:6
BRH:0
end_of_record
TN:
SF:src\pages\Profile.jsx
FN:6,Profile
FN:15,(anonymous_1)
FN:19,(anonymous_2)
FN:48,(anonymous_3)
FN:59,(anonymous_4)
FN:76,(anonymous_5)
FN:96,(anonymous_6)
FN:160,(anonymous_7)
FN:161,(anonymous_8)
FN:162,(anonymous_9)
FN:202,(anonymous_10)
FN:210,(anonymous_11)
FN:215,(anonymous_12)
FN:225,(anonymous_13)
FN:234,(anonymous_14)
FN:235,(anonymous_15)
FN:250,(anonymous_16)
FN:267,(anonymous_17)
FN:279,(anonymous_18)
FN:283,(anonymous_19)
FNF:20
FNH:0
FNDA:0,Profile
FNDA:0,(anonymous_1)
FNDA:0,(anonymous_2)
FNDA:0,(anonymous_3)
FNDA:0,(anonymous_4)
FNDA:0,(anonymous_5)
FNDA:0,(anonymous_6)
FNDA:0,(anonymous_7)
FNDA:0,(anonymous_8)
FNDA:0,(anonymous_9)
FNDA:0,(anonymous_10)
FNDA:0,(anonymous_11)
FNDA:0,(anonymous_12)
FNDA:0,(anonymous_13)
FNDA:0,(anonymous_14)
FNDA:0,(anonymous_15)
FNDA:0,(anonymous_16)
FNDA:0,(anonymous_17)
FNDA:0,(anonymous_18)
FNDA:0,(anonymous_19)
DA:7,0
DA:8,0
DA:9,0
DA:10,0
DA:15,0
DA:16,0
DA:19,0
DA:20,0
DA:21,0
DA:22,0
DA:25,0
DA:26,0
DA:27,0
DA:28,0
DA:32,0
DA:36,0
DA:37,0
DA:44,0
DA:48,0
DA:49,0
DA:50,0
DA:51,0
DA:52,0
DA:53,0
DA:55,0
DA:59,0
DA:60,0
DA:61,0
DA:63,0
DA:64,0
DA:66,0
DA:67,0
DA:70,0
DA:72,0
DA:76,0
DA:78,0
DA:79,0
DA:86,0
DA:96,0
DA:160,0
DA:161,0
DA:162,0
DA:202,0
DA:211,0
DA:216,0
DA:217,0
DA:218,0
DA:226,0
DA:227,0
DA:228,0
DA:235,0
DA:236,0
DA:250,0
DA:268,0
DA:280,0
DA:281,0
DA:283,0
DA:284,0
LF:58
LH:0
BRDA:26,0,0,0
BRDA:26,0,1,0
BRDA:28,1,0,0
BRDA:28,1,1,0
BRDA:38,2,0,0
BRDA:38,2,1,0
BRDA:38,3,0,0
BRDA:38,3,1,0
BRDA:39,4,0,0
BRDA:39,4,1,0
BRDA:39,5,0,0
BRDA:39,5,1,0
BRDA:40,6,0,0
BRDA:40,6,1,0
BRDA:40,7,0,0
BRDA:40,7,1,0
BRDA:61,8,0,0
BRDA:61,8,1,0
BRDA:78,9,0,0
BRDA:78,9,1,0
BRDA:95,10,0,0
BRDA:95,10,1,0
BRDA:113,11,0,0
BRDA:113,11,1,0
BRDA:117,12,0,0
BRDA:117,12,1,0
BRDA:128,13,0,0
BRDA:128,13,1,0
BRDA:130,14,0,0
BRDA:130,14,1,0
BRDA:131,15,0,0
BRDA:131,15,1,0
BRDA:138,16,0,0
BRDA:138,16,1,0
BRDA:140,17,0,0
BRDA:140,17,1,0
BRDA:146,18,0,0
BRDA:146,18,1,0
BRDA:153,19,0,0
BRDA:153,19,1,0
BRDA:161,20,0,0
BRDA:161,20,1,0
BRDA:162,21,0,0
BRDA:162,21,1,0
BRDA:169,22,0,0
BRDA:169,22,1,0
BRDA:244,23,0,0
BRDA:244,23,1,0
BRDA:259,24,0,0
BRDA:259,24,1,0
BRDA:267,25,0,0
BRDA:267,25,1,0
BRDA:281,26,0,0
BRDA:281,26,1,0
BRDA:282,27,0,0
BRDA:282,27,1,0
BRDA:282,28,0,0
BRDA:282,28,1,0
BRDA:283,29,0,0
BRDA:283,29,1,0
BRDA:286,30,0,0
BRDA:286,30,1,0
BRF:62
BRH:0
end_of_record
TN:
SF:src\pages\Register.jsx
FN:6,Register
FN:19,(anonymous_1)
FN:22,(anonymous_2)
FN:46,(anonymous_3)
FN:70,(anonymous_4)
FN:208,(anonymous_5)
FN:230,(anonymous_6)
FNF:7
FNH:1
FNDA:4,Register
FNDA:0,(anonymous_1)
FNDA:0,(anonymous_2)
FNDA:0,(anonymous_3)
FNDA:0,(anonymous_4)
FNDA:0,(anonymous_5)
FNDA:0,(anonymous_6)
DA:7,4
DA:9,4
DA:15,4
DA:16,4
DA:17,4
DA:19,4
DA:20,0
DA:22,4
DA:23,0
DA:24,0
DA:25,0
DA:26,0
DA:27,0
DA:28,0
DA:30,0
DA:31,0
DA:34,0
DA:35,0
DA:37,0
DA:38,0
DA:39,0
DA:41,0
DA:42,0
DA:43,0
DA:46,0
DA:47,0
DA:48,0
DA:52,0
DA:53,0
DA:54,0
DA:55,0
DA:56,0
DA:57,0
DA:58,0
DA:59,0
DA:60,0
DA:62,0
DA:63,0
DA:66,0
DA:70,4
DA:71,0
DA:72,0
DA:73,0
DA:74,0
DA:75,0
DA:77,0
DA:78,0
DA:80,0
DA:84,4
DA:208,0
DA:230,0
LF:51
LH:9
BRDA:26,0,0,0
BRDA:26,0,1,0
BRDA:41,1,0,0
BRDA:41,1,1,0
BRDA:53,2,0,0
BRDA:53,2,1,0
BRDA:55,3,0,0
BRDA:55,3,1,0
BRDA:57,4,0,0
BRDA:57,4,1,0
BRDA:59,5,0,0
BRDA:59,5,1,0
BRDA:74,6,0,0
BRDA:74,6,1,0
BRDA:77,7,0,0
BRDA:77,7,1,0
BRDA:97,8,0,4
BRDA:97,8,1,0
BRDA:174,9,0,0
BRDA:174,9,1,4
BRDA:217,10,0,0
BRDA:217,10,1,0
BRDA:220,11,0,0
BRDA:220,11,1,0
BRF:24
BRH:2
end_of_record
TN:
SF:src\pages\SavedJobs.jsx
FN:6,SavedJobs
FN:11,(anonymous_1)
FN:15,(anonymous_2)
FN:25,(anonymous_3)
FN:35,(anonymous_4)
FN:43,(anonymous_5)
FN:46,(anonymous_6)
FN:49,(anonymous_7)
FN:67,(anonymous_8)
FN:85,(anonymous_9)
FN:91,(anonymous_10)
FN:112,(anonymous_11)
FN:115,(anonymous_12)
FNF:13
FNH:0
FNDA:0,SavedJobs
FNDA:0,(anonymous_1)
FNDA:0,(anonymous_2)
FNDA:0,(anonymous_3)
FNDA:0,(anonymous_4)
FNDA:0,(anonymous_5)
FNDA:0,(anonymous_6)
FNDA:0,(anonymous_7)
FNDA:0,(anonymous_8)
FNDA:0,(anonymous_9)
FNDA:0,(anonymous_10)
FNDA:0,(anonymous_11)
FNDA:0,(anonymous_12)
DA:7,0
DA:8,0
DA:9,0
DA:11,0
DA:12,0
DA:15,0
DA:16,0
DA:17,0
DA:19,0
DA:20,0
DA:21,0
DA:22,0
DA:25,0
DA:26,0
DA:27,0
DA:28,0
DA:30,0
DA:34,0
DA:35,0
DA:37,0
DA:39,0
DA:43,0
DA:44,0
DA:45,0
DA:46,0
DA:47,0
DA:49,0
DA:51,0
DA:55,0
DA:67,0
DA:85,0
DA:92,0
DA:112,0
DA:115,0
LF:34
LH:0
BRDA:17,0,0,0
BRDA:17,0,1,0
BRDA:19,1,0,0
BRDA:19,1,1,0
BRDA:45,2,0,0
BRDA:45,2,1,0
BRDA:72,3,0,0
BRDA:72,3,1,0
BRDA:76,4,0,0
BRDA:76,4,1,0
BRF:10
BRH:0
end_of_record
TN:
SF:src\pages\Test.jsx
FN:1,Test
FNF:1
FNH:0
FNDA:0,Test
DA:2,0
LF:1
LH:0
BRF:0
BRH:0
end_of_record
TN:
SF:src\pages\UserDashboard.jsx
FN:6,UserDashboard
FN:38,(anonymous_1)
FN:44,(anonymous_2)
FN:63,(anonymous_3)
FN:70,(anonymous_4)
FN:71,(anonymous_5)
FN:72,(anonymous_6)
FN:79,(anonymous_7)
FN:81,(anonymous_8)
FN:88,(anonymous_9)
FN:98,(anonymous_10)
FN:101,(anonymous_11)
FN:103,(anonymous_12)
FN:106,(anonymous_13)
FN:107,(anonymous_14)
FN:110,(anonymous_15)
FN:121,(anonymous_16)
FN:137,(anonymous_17)
FN:156,(anonymous_18)
FN:162,(anonymous_19)
FN:173,(anonymous_20)
FN:174,(anonymous_21)
FN:178,(anonymous_22)
FN:179,(anonymous_23)
FN:184,(anonymous_24)
FN:198,(anonymous_25)
FN:202,(anonymous_26)
FN:221,(anonymous_27)
FN:226,(anonymous_28)
FN:228,(anonymous_29)
FN:234,(anonymous_30)
FN:260,(anonymous_31)
FN:270,(anonymous_32)
FN:273,(anonymous_33)
FN:295,(anonymous_34)
FN:322,(anonymous_35)
FN:326,(anonymous_36)
FN:341,(anonymous_37)
FN:418,(anonymous_38)
FN:430,(anonymous_39)
FN:438,(anonymous_40)
FN:442,(anonymous_41)
FN:447,(anonymous_42)
FN:454,(anonymous_43)
FN:462,(anonymous_44)
FN:467,(anonymous_45)
FN:477,(anonymous_46)
FN:486,(anonymous_47)
FN:487,(anonymous_48)
FN:500,(anonymous_49)
FN:527,(anonymous_50)
FN:535,(anonymous_51)
FN:567,(anonymous_52)
FN:581,(anonymous_53)
FN:587,(anonymous_54)
FN:614,(anonymous_55)
FN:622,(anonymous_56)
FN:645,(anonymous_57)
FN:651,(anonymous_58)
FN:667,(anonymous_59)
FN:678,(anonymous_60)
FN:687,(anonymous_61)
FN:695,(anonymous_62)
FN:698,(anonymous_63)
FN:705,(anonymous_64)
FN:708,(anonymous_65)
FN:736,(anonymous_66)
FN:743,(anonymous_67)
FN:752,(anonymous_68)
FN:781,(anonymous_69)
FN:789,(anonymous_70)
FN:857,(anonymous_71)
FN:896,(anonymous_72)
FNF:73
FNH:0
FNDA:0,UserDashboard
FNDA:0,(anonymous_1)
FNDA:0,(anonymous_2)
FNDA:0,(anonymous_3)
FNDA:0,(anonymous_4)
FNDA:0,(anonymous_5)
FNDA:0,(anonymous_6)
FNDA:0,(anonymous_7)
FNDA:0,(anonymous_8)
FNDA:0,(anonymous_9)
FNDA:0,(anonymous_10)
FNDA:0,(anonymous_11)
FNDA:0,(anonymous_12)
FNDA:0,(anonymous_13)
FNDA:0,(anonymous_14)
FNDA:0,(anonymous_15)
FNDA:0,(anonymous_16)
FNDA:0,(anonymous_17)
FNDA:0,(anonymous_18)
FNDA:0,(anonymous_19)
FNDA:0,(anonymous_20)
FNDA:0,(anonymous_21)
FNDA:0,(anonymous_22)
FNDA:0,(anonymous_23)
FNDA:0,(anonymous_24)
FNDA:0,(anonymous_25)
FNDA:0,(anonymous_26)
FNDA:0,(anonymous_27)
FNDA:0,(anonymous_28)
FNDA:0,(anonymous_29)
FNDA:0,(anonymous_30)
FNDA:0,(anonymous_31)
FNDA:0,(anonymous_32)
FNDA:0,(anonymous_33)
FNDA:0,(anonymous_34)
FNDA:0,(anonymous_35)
FNDA:0,(anonymous_36)
FNDA:0,(anonymous_37)
FNDA:0,(anonymous_38)
FNDA:0,(anonymous_39)
FNDA:0,(anonymous_40)
FNDA:0,(anonymous_41)
FNDA:0,(anonymous_42)
FNDA:0,(anonymous_43)
FNDA:0,(anonymous_44)
FNDA:0,(anonymous_45)
FNDA:0,(anonymous_46)
FNDA:0,(anonymous_47)
FNDA:0,(anonymous_48)
FNDA:0,(anonymous_49)
FNDA:0,(anonymous_50)
FNDA:0,(anonymous_51)
FNDA:0,(anonymous_52)
FNDA:0,(anonymous_53)
FNDA:0,(anonymous_54)
FNDA:0,(anonymous_55)
FNDA:0,(anonymous_56)
FNDA:0,(anonymous_57)
FNDA:0,(anonymous_58)
FNDA:0,(anonymous_59)
FNDA:0,(anonymous_60)
FNDA:0,(anonymous_61)
FNDA:0,(anonymous_62)
FNDA:0,(anonymous_63)
FNDA:0,(anonymous_64)
FNDA:0,(anonymous_65)
FNDA:0,(anonymous_66)
FNDA:0,(anonymous_67)
FNDA:0,(anonymous_68)
FNDA:0,(anonymous_69)
FNDA:0,(anonymous_70)
FNDA:0,(anonymous_71)
FNDA:0,(anonymous_72)
DA:7,0
DA:8,0
DA:9,0
DA:10,0
DA:11,0
DA:12,0
DA:13,0
DA:18,0
DA:22,0
DA:23,0
DA:24,0
DA:27,0
DA:28,0
DA:29,0
DA:30,0
DA:31,0
DA:32,0
DA:33,0
DA:34,0
DA:35,0
DA:36,0
DA:38,0
DA:39,0
DA:40,0
DA:41,0
DA:44,0
DA:45,0
DA:46,0
DA:47,0
DA:48,0
DA:55,0
DA:56,0
DA:57,0
DA:58,0
DA:63,0
DA:64,0
DA:65,0
DA:66,0
DA:68,0
DA:70,0
DA:71,0
DA:72,0
DA:75,0
DA:79,0
DA:80,0
DA:81,0
DA:83,0
DA:84,0
DA:85,0
DA:88,0
DA:89,0
DA:90,0
DA:91,0
DA:93,0
DA:97,0
DA:98,0
DA:101,0
DA:102,0
DA:103,0
DA:104,0
DA:106,0
DA:107,0
DA:110,0
DA:111,0
DA:112,0
DA:113,0
DA:114,0
DA:115,0
DA:117,0
DA:121,0
DA:122,0
DA:123,0
DA:124,0
DA:125,0
DA:126,0
DA:127,0
DA:128,0
DA:129,0
DA:131,0
DA:133,0
DA:137,0
DA:138,0
DA:139,0
DA:140,0
DA:141,0
DA:142,0
DA:143,0
DA:144,0
DA:145,0
DA:146,0
DA:147,0
DA:149,0
DA:150,0
DA:152,0
DA:156,0
DA:157,0
DA:158,0
DA:159,0
DA:162,0
DA:163,0
DA:164,0
DA:165,0
DA:166,0
DA:168,0
DA:169,0
DA:170,0
DA:171,0
DA:173,0
DA:174,0
DA:175,0
DA:176,0
DA:178,0
DA:179,0
DA:181,0
DA:184,0
DA:185,0
DA:186,0
DA:187,0
DA:189,0
DA:190,0
DA:191,0
DA:192,0
DA:194,0
DA:198,0
DA:199,0
DA:200,0
DA:201,0
DA:203,0
DA:209,0
DA:212,0
DA:214,0
DA:215,0
DA:217,0
DA:221,0
DA:222,0
DA:223,0
DA:226,0
DA:227,0
DA:228,0
DA:229,0
DA:231,0
DA:234,0
DA:235,0
DA:236,0
DA:237,0
DA:238,0
DA:239,0
DA:243,0
DA:260,0
DA:271,0
DA:273,0
DA:296,0
DA:322,0
DA:327,0
DA:342,0
DA:418,0
DA:430,0
DA:438,0
DA:442,0
DA:447,0
DA:454,0
DA:463,0
DA:468,0
DA:469,0
DA:470,0
DA:478,0
DA:479,0
DA:480,0
DA:487,0
DA:488,0
DA:500,0
DA:528,0
DA:536,0
DA:567,0
DA:581,0
DA:588,0
DA:614,0
DA:622,0
DA:645,0
DA:651,0
DA:667,0
DA:678,0
DA:687,0
DA:695,0
DA:698,0
DA:705,0
DA:708,0
DA:737,0
DA:744,0
DA:745,0
DA:746,0
DA:747,0
DA:749,0
DA:752,0
DA:781,0
DA:789,0
DA:858,0
DA:896,0
LF:198
LH:0
BRDA:49,0,0,0
BRDA:49,0,1,0
BRDA:49,1,0,0
BRDA:49,1,1,0
BRDA:50,2,0,0
BRDA:50,2,1,0
BRDA:50,3,0,0
BRDA:50,3,1,0
BRDA:51,4,0,0
BRDA:51,4,1,0
BRDA:51,5,0,0
BRDA:51,5,1,0
BRDA:52,6,0,0
BRDA:52,6,1,0
BRDA:55,7,0,0
BRDA:55,7,1,0
BRDA:73,8,0,0
BRDA:73,8,1,0
BRDA:80,9,0,0
BRDA:80,9,1,0
BRDA:83,10,0,0
BRDA:83,10,1,0
BRDA:102,11,0,0
BRDA:102,11,1,0
BRDA:163,12,0,0
BRDA:163,12,1,0
BRDA:164,13,0,0
BRDA:164,13,1,0
BRDA:189,14,0,0
BRDA:189,14,1,0
BRDA:222,15,0,0
BRDA:222,15,1,0
BRDA:229,16,0,0
BRDA:229,16,1,0
BRDA:235,17,0,0
BRDA:235,17,1,0
BRDA:235,17,2,0
BRDA:235,17,3,0
BRDA:254,18,0,0
BRDA:254,18,1,0
BRDA:274,19,0,0
BRDA:274,19,1,0
BRDA:287,20,0,0
BRDA:287,20,1,0
BRDA:312,21,0,0
BRDA:312,21,1,0
BRDA:319,22,0,0
BRDA:319,22,1,0
BRDA:341,23,0,0
BRDA:341,23,1,0
BRDA:344,24,0,0
BRDA:344,24,1,0
BRDA:344,25,0,0
BRDA:344,25,1,0
BRDA:346,26,0,0
BRDA:346,26,1,0
BRDA:346,27,0,0
BRDA:346,27,1,0
BRDA:355,28,0,0
BRDA:355,28,1,0
BRDA:355,29,0,0
BRDA:355,29,1,0
BRDA:355,30,0,0
BRDA:355,30,1,0
BRDA:355,31,0,0
BRDA:355,31,1,0
BRDA:361,32,0,0
BRDA:361,32,1,0
BRDA:371,33,0,0
BRDA:371,33,1,0
BRDA:382,34,0,0
BRDA:382,34,1,0
BRDA:410,35,0,0
BRDA:410,35,1,0
BRDA:417,36,0,0
BRDA:417,36,1,0
BRDA:425,37,0,0
BRDA:425,37,1,0
BRDA:454,38,0,0
BRDA:454,38,1,0
BRDA:462,39,0,0
BRDA:462,39,1,0
BRDA:508,40,0,0
BRDA:508,40,1,0
BRDA:516,41,0,0
BRDA:516,41,1,0
BRDA:522,42,0,0
BRDA:522,42,1,0
BRDA:527,43,0,0
BRDA:527,43,1,0
BRDA:535,44,0,0
BRDA:535,44,1,0
BRDA:535,45,0,0
BRDA:535,45,1,0
BRDA:538,46,0,0
BRDA:538,46,1,0
BRDA:560,47,0,0
BRDA:560,47,1,0
BRDA:572,48,0,0
BRDA:572,48,1,0
BRDA:593,49,0,0
BRDA:593,49,1,0
BRDA:613,50,0,0
BRDA:613,50,1,0
BRDA:634,51,0,0
BRDA:634,51,1,0
BRDA:646,52,0,0
BRDA:646,52,1,0
BRDA:652,53,0,0
BRDA:652,53,1,0
BRDA:659,54,0,0
BRDA:659,54,1,0
BRDA:659,54,2,0
BRDA:660,55,0,0
BRDA:660,55,1,0
BRDA:717,56,0,0
BRDA:717,56,1,0
BRDA:717,57,0,0
BRDA:717,57,1,0
BRDA:724,58,0,0
BRDA:724,58,1,0
BRDA:724,58,2,0
BRDA:728,59,0,0
BRDA:728,59,1,0
BRDA:746,60,0,0
BRDA:746,60,1,0
BRDA:747,61,0,0
BRDA:747,61,1,0
BRDA:747,61,2,0
BRDA:754,62,0,0
BRDA:754,62,1,0
BRDA:756,63,0,0
BRDA:756,63,1,0
BRDA:758,64,0,0
BRDA:758,64,1,0
BRDA:769,65,0,0
BRDA:769,65,1,0
BRDA:779,66,0,0
BRDA:779,66,1,0
BRDA:799,67,0,0
BRDA:799,67,1,0
BRDA:799,67,2,0
BRDA:799,67,3,0
BRDA:811,68,0,0
BRDA:811,68,1,0
BRDA:815,69,0,0
BRDA:815,69,1,0
BRDA:817,70,0,0
BRDA:817,70,1,0
BRDA:831,71,0,0
BRDA:831,71,1,0
BRDA:836,72,0,0
BRDA:836,72,1,0
BRDA:839,73,0,0
BRDA:839,73,1,0
BRDA:839,74,0,0
BRDA:839,74,1,0
BRDA:846,75,0,0
BRDA:846,75,1,0
BRDA:864,76,0,0
BRDA:864,76,1,0
BRF:161
BRH:0
end_of_record
TN:
SF:src\utils\api.js
FN:8,(anonymous_0)
FNF:1
FNH:0
FNDA:0,(anonymous_0)
DA:3,0
DA:8,0
DA:9,0
DA:10,0
DA:11,0
DA:13,0
LF:6
LH:0
BRDA:4,0,0,0
BRDA:4,0,1,0
BRDA:10,1,0,0
BRDA:10,1,1,0
BRF:4
BRH:0
end_of_record
